17:50:07  [main] 	Initializing Control Panel
17:50:07  [main] 	Windows Version:  Home  64-bit
17:50:07  [main] 	XAMPP Version: 7.4.28
17:50:07  [main] 	Control Panel Version: 3.3.0  [ Compiled: Apr 6th 2021 ]
17:50:07  [main] 	Running with Administrator rights - good!
17:50:07  [main] 	XAMPP Installation Directory: "c:\xampp\"
17:50:07  [main] 	Checking for prerequisites
17:50:07  [main] 	All prerequisites found
17:50:07  [main] 	Initializing Modules
17:50:07  [Apache] 	XAMPP Apache is already running on port 80
17:50:07  [Apache] 	XAMPP Apache is already running on port 443
17:50:07  [mysql] 	XAMPP MySQL is already running on port 3306
17:50:07  [main] 	Starting Check-Timer
17:50:07  [main] 	Control Panel Ready
17:50:55  [Apache] 	Attempting to stop Apache (PID: 9436)
17:50:55  [Apache] 	Attempting to stop Apache (PID: 3780)
17:50:55  [Apache] 	Status change detected: stopped
17:50:57  [Apache] 	Attempting to start Apache app...
17:50:57  [Apache] 	Status change detected: running
19:19:38  [Apache] 	Attempting to stop Apache (PID: 18520)
19:19:38  [Apache] 	Attempting to stop Apache (PID: 7764)
19:19:38  [Apache] 	Status change detected: stopped
19:19:41  [Apache] 	Attempting to start Apache app...
19:19:41  [Apache] 	Status change detected: running
19:57:01  [Apache] 	Attempting to stop Apache (PID: 11872)
19:57:01  [Apache] 	Attempting to stop Apache (PID: 4272)
19:57:01  [Apache] 	Status change detected: stopped
20:03:44  [main] 	Deinitializing Modules
20:03:44  [main] 	Deinitializing Control Panel

16:00:52  [main] 	Initializing Control Panel
16:00:52  [main] 	Windows Version:  Home  64-bit
16:00:52  [main] 	XAMPP Version: 7.4.28
16:00:52  [main] 	Control Panel Version: 3.3.0  [ Compiled: Apr 6th 2021 ]
16:00:52  [main] 	You are not running with administrator rights! This will work for
16:00:52  [main] 	most application stuff but whenever you do something with services
16:00:52  [main] 	there will be a security dialogue or things will break! So think 
16:00:52  [main] 	about running this application with administrator rights!
16:00:52  [main] 	XAMPP Installation Directory: "c:\xampp\"
16:00:52  [main] 	Checking for prerequisites
16:00:54  [main] 	All prerequisites found
16:00:54  [main] 	Initializing Modules
16:00:54  [main] 	Starting Check-Timer
16:00:54  [main] 	Control Panel Ready
16:00:58  [Apache] 	Attempting to start Apache app...
16:00:58  [Apache] 	Status change detected: running
16:12:06  [Apache] 	Attempting to stop Apache (PID: 16632)
16:12:06  [Apache] 	Attempting to stop Apache (PID: 2248)
16:12:06  [Apache] 	Status change detected: stopped
20:03:44  [main] 	Deinitializing Modules
20:03:44  [main] 	Deinitializing Control Panel

17:04:40  [main] 	Initializing Control Panel
17:04:40  [main] 	Windows Version:  Home  64-bit
17:04:40  [main] 	XAMPP Version: 7.4.28
17:04:40  [main] 	Control Panel Version: 3.3.0  [ Compiled: Apr 6th 2021 ]
17:04:40  [main] 	Running with Administrator rights - good!
17:04:40  [main] 	XAMPP Installation Directory: "c:\xampp\"
17:04:40  [main] 	Checking for prerequisites
17:04:41  [main] 	All prerequisites found
17:04:41  [main] 	Initializing Modules
17:04:41  [main] 	Starting Check-Timer
17:04:41  [main] 	Control Panel Ready
17:04:44  [Apache] 	Attempting to start Apache app...
17:04:44  [Apache] 	Status change detected: running
19:00:12  [mysql] 	Attempting to start MySQL app...
19:00:12  [mysql] 	Status change detected: running
20:39:11  [mysql] 	Attempting to stop MySQL app...
20:39:11  [mysql] 	Status change detected: stopped
20:39:12  [Apache] 	Attempting to stop Apache (PID: 12144)
20:39:12  [Apache] 	Attempting to stop Apache (PID: 6224)
20:39:12  [Apache] 	Status change detected: stopped
20:53:57  [main] 	Deinitializing Modules
20:53:57  [main] 	Deinitializing Control Panel

15:53:36  [main] 	Initializing Control Panel
15:53:36  [main] 	Windows Version:  Home  64-bit
15:53:36  [main] 	XAMPP Version: 7.4.28
15:53:36  [main] 	Control Panel Version: 3.3.0  [ Compiled: Apr 6th 2021 ]
15:53:36  [main] 	Running with Administrator rights - good!
15:53:36  [main] 	XAMPP Installation Directory: "c:\xampp\"
15:53:36  [main] 	Checking for prerequisites
15:53:38  [main] 	All prerequisites found
15:53:38  [main] 	Initializing Modules
15:53:38  [main] 	Starting Check-Timer
15:53:38  [main] 	Control Panel Ready
15:53:45  [Apache] 	Attempting to start Apache app...
15:53:45  [Apache] 	Status change detected: running
15:53:46  [mysql] 	Attempting to start MySQL app...
15:53:46  [mysql] 	Status change detected: running
16:58:46  [mysql] 	Attempting to stop MySQL app...
16:58:46  [mysql] 	Status change detected: stopped
16:58:46  [Apache] 	Attempting to stop Apache (PID: 18960)
16:58:46  [Apache] 	Attempting to stop Apache (PID: 19712)
16:58:47  [Apache] 	Status change detected: stopped
16:58:58  [main] 	Deinitializing Modules
16:58:58  [main] 	Deinitializing Control Panel

16:53:11  [main] 	Initializing Control Panel
16:53:11  [main] 	Windows Version:  Home  64-bit
16:53:11  [main] 	XAMPP Version: 7.4.28
16:53:11  [main] 	Control Panel Version: 3.3.0  [ Compiled: Apr 6th 2021 ]
16:53:11  [main] 	Running with Administrator rights - good!
16:53:11  [main] 	XAMPP Installation Directory: "c:\xampp\"
16:53:11  [main] 	Checking for prerequisites
16:53:13  [main] 	All prerequisites found
16:53:13  [main] 	Initializing Modules
16:53:13  [main] 	Starting Check-Timer
16:53:13  [main] 	Control Panel Ready
16:54:08  [Apache] 	Attempting to start Apache app...
16:54:08  [Apache] 	Status change detected: running
16:54:09  [mysql] 	Attempting to start MySQL app...
16:54:09  [mysql] 	Status change detected: running
17:15:24  [mysql] 	Attempting to stop MySQL app...
17:15:25  [mysql] 	Status change detected: stopped
17:15:25  [Apache] 	Attempting to stop Apache (PID: 1248)
17:15:25  [Apache] 	Attempting to stop Apache (PID: 14636)
17:15:25  [Apache] 	Status change detected: stopped
17:15:26  [Apache] 	Attempting to start Apache app...
17:15:26  [Apache] 	Status change detected: running
17:15:27  [mysql] 	Attempting to start MySQL app...
17:15:27  [mysql] 	Status change detected: running
17:16:54  [mysql] 	Attempting to stop MySQL app...
17:16:54  [mysql] 	Status change detected: stopped
17:16:54  [Apache] 	Attempting to stop Apache (PID: 8788)
17:16:54  [Apache] 	Attempting to stop Apache (PID: 19360)
17:16:55  [Apache] 	Status change detected: stopped
17:17:02  [Apache] 	Attempting to start Apache app...
17:17:02  [Apache] 	Status change detected: running
17:17:02  [mysql] 	Attempting to start MySQL app...
17:17:03  [mysql] 	Status change detected: running
17:19:27  [mysql] 	Attempting to stop MySQL app...
17:19:28  [mysql] 	Status change detected: stopped
17:19:28  [Apache] 	Attempting to stop Apache (PID: 16488)
17:19:28  [Apache] 	Attempting to stop Apache (PID: 19208)
17:19:28  [Apache] 	Status change detected: stopped
17:19:33  [main] 	Deinitializing Modules
17:19:33  [main] 	Deinitializing Control Panel

17:19:37  [main] 	Initializing Control Panel
17:19:37  [main] 	Windows Version:  Home  64-bit
17:19:37  [main] 	XAMPP Version: 7.4.28
17:19:37  [main] 	Control Panel Version: 3.3.0  [ Compiled: Apr 6th 2021 ]
17:19:37  [main] 	Running with Administrator rights - good!
17:19:37  [main] 	XAMPP Installation Directory: "c:\xampp\"
17:19:37  [main] 	Checking for prerequisites
17:19:38  [main] 	All prerequisites found
17:19:38  [main] 	Initializing Modules
17:19:38  [main] 	Starting Check-Timer
17:19:38  [main] 	Control Panel Ready
17:19:39  [Apache] 	Attempting to start Apache app...
17:19:39  [Apache] 	Status change detected: running
17:19:40  [mysql] 	Attempting to start MySQL app...
17:19:40  [mysql] 	Status change detected: running
20:28:16  [Apache] 	Status change detected: stopped
20:28:16  [Apache] 	Error: Apache shutdown unexpectedly.
20:28:16  [Apache] 	This may be due to a blocked port, missing dependencies, 
20:28:16  [Apache] 	improper privileges, a crash, or a shutdown by another method.
20:28:16  [Apache] 	Press the Logs button to view error logs and check
20:28:16  [Apache] 	the Windows Event Viewer for more clues
20:28:16  [Apache] 	If you need more help, copy and post this
20:28:16  [Apache] 	entire log window on the forums
20:28:16  [mysql] 	Status change detected: stopped
20:28:16  [mysql] 	Error: MySQL shutdown unexpectedly.
20:28:16  [mysql] 	This may be due to a blocked port, missing dependencies, 
20:28:16  [mysql] 	improper privileges, a crash, or a shutdown by another method.
20:28:16  [mysql] 	Press the Logs button to view error logs and check
20:28:16  [mysql] 	the Windows Event Viewer for more clues
20:28:16  [mysql] 	If you need more help, copy and post this
20:28:16  [mysql] 	entire log window on the forums
20:28:16  [main] 	Deinitializing Modules
20:28:16  [main] 	Deinitializing Control Panel

20:37:51  [main] 	Initializing Control Panel
20:37:51  [main] 	Windows Version:  Home  64-bit
20:37:51  [main] 	XAMPP Version: 7.4.28
20:37:51  [main] 	Control Panel Version: 3.3.0  [ Compiled: Apr 6th 2021 ]
20:37:51  [main] 	Running with Administrator rights - good!
20:37:51  [main] 	XAMPP Installation Directory: "c:\xampp\"
20:37:51  [main] 	Checking for prerequisites
20:37:51  [main] 	All prerequisites found
20:37:51  [main] 	Initializing Modules
20:37:51  [main] 	Starting Check-Timer
20:37:51  [main] 	Control Panel Ready
20:37:53  [Apache] 	Attempting to start Apache app...
20:37:53  [Apache] 	Status change detected: running
20:37:54  [mysql] 	Attempting to start MySQL app...
20:37:54  [mysql] 	Status change detected: running
21:58:08  [mysql] 	Attempting to stop MySQL app...
21:58:08  [mysql] 	Status change detected: stopped
21:58:08  [Apache] 	Attempting to stop Apache (PID: 8732)
21:58:08  [Apache] 	Attempting to stop Apache (PID: 16116)
21:58:09  [Apache] 	Status change detected: stopped
22:24:31  [main] 	Deinitializing Modules
22:24:31  [main] 	Deinitializing Control Panel

