[Wed Mar 30 16:00:24.739382 2022] [ssl:warn] [pid 8392:tid 412] AH01909: www.example.com:443:0 server certificate does NOT include an ID which matches the server name
[Wed Mar 30 16:00:24.821363 2022] [ssl:warn] [pid 8392:tid 412] AH01909: www.example.com:443:0 server certificate does NOT include an ID which matches the server name
[Wed Mar 30 16:00:25.142192 2022] [mpm_winnt:notice] [pid 8392:tid 412] AH00455: Apache/2.4.53 (Win64) OpenSSL/1.1.1n PHP/7.4.28 configured -- resuming normal operations
[Wed Mar 30 16:00:25.142192 2022] [mpm_winnt:notice] [pid 8392:tid 412] AH00456: Apache Lounge VC15 Server built: Mar 16 2022 15:48:38
[Wed Mar 30 16:00:25.142192 2022] [core:notice] [pid 8392:tid 412] AH00094: Command line: 'C:\\xampp\\apache\\bin\\httpd.exe -d C:/xampp/apache'
[Wed Mar 30 16:00:25.395339 2022] [mpm_winnt:notice] [pid 8392:tid 412] AH00418: Parent: Created child process 11040
[Wed Mar 30 16:00:26.742735 2022] [ssl:warn] [pid 11040:tid 436] AH01909: www.example.com:443:0 server certificate does NOT include an ID which matches the server name
[Wed Mar 30 16:00:26.782591 2022] [ssl:warn] [pid 11040:tid 436] AH01909: www.example.com:443:0 server certificate does NOT include an ID which matches the server name
[Wed Mar 30 16:00:26.808297 2022] [mpm_winnt:notice] [pid 11040:tid 436] AH00354: Child: Starting 150 worker threads.
[Wed Mar 30 16:00:59.690703 2022] [ssl:warn] [pid 16632:tid 512] AH01909: www.example.com:443:0 server certificate does NOT include an ID which matches the server name
[Wed Mar 30 16:00:59.738575 2022] [ssl:warn] [pid 16632:tid 512] AH01909: www.example.com:443:0 server certificate does NOT include an ID which matches the server name
[Wed Mar 30 16:00:59.766500 2022] [mpm_winnt:notice] [pid 16632:tid 512] AH00455: Apache/2.4.53 (Win64) OpenSSL/1.1.1n PHP/7.4.28 configured -- resuming normal operations
[Wed Mar 30 16:00:59.766500 2022] [mpm_winnt:notice] [pid 16632:tid 512] AH00456: Apache Lounge VC15 Server built: Mar 16 2022 15:48:38
[Wed Mar 30 16:00:59.766500 2022] [core:notice] [pid 16632:tid 512] AH00094: Command line: 'c:\\xampp\\apache\\bin\\httpd.exe -d C:/xampp/apache'
[Wed Mar 30 16:00:59.902900 2022] [mpm_winnt:notice] [pid 16632:tid 512] AH00418: Parent: Created child process 2248
[Wed Mar 30 16:01:01.505840 2022] [ssl:warn] [pid 2248:tid 452] AH01909: www.example.com:443:0 server certificate does NOT include an ID which matches the server name
[Wed Mar 30 16:01:01.549723 2022] [ssl:warn] [pid 2248:tid 452] AH01909: www.example.com:443:0 server certificate does NOT include an ID which matches the server name
[Wed Mar 30 16:01:01.577647 2022] [mpm_winnt:notice] [pid 2248:tid 452] AH00354: Child: Starting 150 worker threads.
[Wed Mar 30 16:16:22.622558 2022] [ssl:warn] [pid 1776:tid 424] AH01909: www.example.com:443:0 server certificate does NOT include an ID which matches the server name
[Wed Mar 30 16:16:22.659459 2022] [core:warn] [pid 1776:tid 424] AH00098: pid file C:/xampp/apache/logs/httpd.pid overwritten -- Unclean shutdown of previous Apache run?
[Wed Mar 30 16:16:22.661453 2022] [ssl:warn] [pid 1776:tid 424] AH01909: www.example.com:443:0 server certificate does NOT include an ID which matches the server name
[Wed Mar 30 16:16:22.685395 2022] [mpm_winnt:notice] [pid 1776:tid 424] AH00455: Apache/2.4.53 (Win64) OpenSSL/1.1.1n PHP/7.4.28 configured -- resuming normal operations
[Wed Mar 30 16:16:22.685395 2022] [mpm_winnt:notice] [pid 1776:tid 424] AH00456: Apache Lounge VC15 Server built: Mar 16 2022 15:48:38
[Wed Mar 30 16:16:22.685395 2022] [core:notice] [pid 1776:tid 424] AH00094: Command line: 'apache\\bin\\httpd.exe -d C:/xampp/apache -f conf\\httpd.conf'
[Wed Mar 30 16:16:22.820029 2022] [mpm_winnt:notice] [pid 1776:tid 424] AH00418: Parent: Created child process 8640
Apache server shutdown initiated...
sl:warn] [pid 8640:tid 476] AH01909: www.example.com:443:0 server certificate does NOT include an ID which matches the server name
[Wed Mar 30 16:16:24.298127 2022] [ssl:warn] [pid 8640:tid 476] AH01909: www.example.com:443:0 server certificate does NOT include an ID which matches the server name
[Wed Mar 30 16:16:24.329044 2022] [mpm_winnt:notice] [pid 8640:tid 476] AH00354: Child: Starting 150 worker threads.
[Wed Mar 30 16:16:24.903508 2022] [mpm_winnt:notice] [pid 1776:tid 424] AH00422: Parent: Received shutdown signal -- Shutting down the server.
[Wed Mar 30 16:16:25.087884 2022] [mpm_winnt:error] [pid 8640:tid 1904] (OS 10038)Er is geprobeerd een bewerking uit te voeren op iets anders dan een socket.  : AH00332: winnt_accept: getsockname error on listening socket, is IPv6 available?
[Wed Mar 30 16:16:27.094929 2022] [mpm_winnt:notice] [pid 8640:tid 476] AH00364: Child: All worker threads have exited.
[Wed Mar 30 16:16:27.573623 2022] [mpm_winnt:notice] [pid 1776:tid 424] AH00430: Parent: Child process 8640 exited successfully.
[Wed Mar 30 16:16:34.960875 2022] [ssl:warn] [pid 9436:tid 420] AH01909: www.example.com:443:0 server certificate does NOT include an ID which matches the server name
[Wed Mar 30 16:16:34.996778 2022] [ssl:warn] [pid 9436:tid 420] AH01909: www.example.com:443:0 server certificate does NOT include an ID which matches the server name
[Wed Mar 30 16:16:35.020714 2022] [mpm_winnt:notice] [pid 9436:tid 420] AH00455: Apache/2.4.53 (Win64) OpenSSL/1.1.1n PHP/7.4.28 configured -- resuming normal operations
[Wed Mar 30 16:16:35.020714 2022] [mpm_winnt:notice] [pid 9436:tid 420] AH00456: Apache Lounge VC15 Server built: Mar 16 2022 15:48:38
[Wed Mar 30 16:16:35.020714 2022] [core:notice] [pid 9436:tid 420] AH00094: Command line: 'c:\\xampp\\apache\\bin\\httpd.exe -d C:/xampp/apache'
[Wed Mar 30 16:16:35.153387 2022] [mpm_winnt:notice] [pid 9436:tid 420] AH00418: Parent: Created child process 3780
[Wed Mar 30 16:16:35.988127 2022] [ssl:warn] [pid 3780:tid 448] AH01909: www.example.com:443:0 server certificate does NOT include an ID which matches the server name
[Wed Mar 30 16:16:36.024031 2022] [ssl:warn] [pid 3780:tid 448] AH01909: www.example.com:443:0 server certificate does NOT include an ID which matches the server name
[Wed Mar 30 16:16:36.048992 2022] [mpm_winnt:notice] [pid 3780:tid 448] AH00354: Child: Starting 150 worker threads.
[Wed Mar 30 16:19:36.689253 2022] [php7:notice] [pid 3780:tid 1880] [client ::1:51348] PHP Notice:  Undefined variable: COLOR in C:\\xampp\\htdocs\\index.php on line 89
[Wed Mar 30 16:19:36.690251 2022] [php7:notice] [pid 3780:tid 1880] [client ::1:51348] PHP Notice:  Undefined variable: coLOR in C:\\xampp\\htdocs\\index.php on line 90
[Wed Mar 30 16:20:13.665598 2022] [php7:notice] [pid 3780:tid 1876] [client ::1:51379] PHP Notice:  Undefined variable: Color in C:\\xampp\\htdocs\\index.php on line 89
[Wed Mar 30 17:50:57.905098 2022] [ssl:warn] [pid 18520:tid 420] AH01909: www.example.com:443:0 server certificate does NOT include an ID which matches the server name
[Wed Mar 30 17:50:57.946987 2022] [core:warn] [pid 18520:tid 420] AH00098: pid file C:/xampp/apache/logs/httpd.pid overwritten -- Unclean shutdown of previous Apache run?
[Wed Mar 30 17:50:57.949979 2022] [ssl:warn] [pid 18520:tid 420] AH01909: www.example.com:443:0 server certificate does NOT include an ID which matches the server name
[Wed Mar 30 17:50:57.973915 2022] [mpm_winnt:notice] [pid 18520:tid 420] AH00455: Apache/2.4.53 (Win64) OpenSSL/1.1.1n PHP/7.4.28 configured -- resuming normal operations
[Wed Mar 30 17:50:57.973915 2022] [mpm_winnt:notice] [pid 18520:tid 420] AH00456: Apache Lounge VC15 Server built: Mar 16 2022 15:48:38
[Wed Mar 30 17:50:57.973915 2022] [core:notice] [pid 18520:tid 420] AH00094: Command line: 'c:\\xampp\\apache\\bin\\httpd.exe -d C:/xampp/apache'
[Wed Mar 30 17:50:58.087311 2022] [mpm_winnt:notice] [pid 18520:tid 420] AH00418: Parent: Created child process 7764
[Wed Mar 30 17:50:58.471177 2022] [ssl:warn] [pid 7764:tid 444] AH01909: www.example.com:443:0 server certificate does NOT include an ID which matches the server name
[Wed Mar 30 17:50:58.507481 2022] [ssl:warn] [pid 7764:tid 444] AH01909: www.example.com:443:0 server certificate does NOT include an ID which matches the server name
[Wed Mar 30 17:50:58.532927 2022] [mpm_winnt:notice] [pid 7764:tid 444] AH00354: Child: Starting 150 worker threads.
[Wed Mar 30 19:14:54.529092 2022] [php7:error] [pid 7764:tid 1876] [client ::1:63599] script 'C:/xampp/htdocs/pages/index.php' not found or unable to stat, referer: http://localhost//pages/1.php
[Wed Mar 30 19:18:15.060279 2022] [php7:error] [pid 7764:tid 1876] [client ::1:52310] script 'C:/xampp/htdocs/pages/index.php' not found or unable to stat, referer: http://localhost//pages/1.php
[Wed Mar 30 19:19:49.543629 2022] [ssl:warn] [pid 11872:tid 420] AH01909: www.example.com:443:0 server certificate does NOT include an ID which matches the server name
[Wed Mar 30 19:19:49.580550 2022] [core:warn] [pid 11872:tid 420] AH00098: pid file C:/xampp/apache/logs/httpd.pid overwritten -- Unclean shutdown of previous Apache run?
[Wed Mar 30 19:19:49.582544 2022] [ssl:warn] [pid 11872:tid 420] AH01909: www.example.com:443:0 server certificate does NOT include an ID which matches the server name
[Wed Mar 30 19:19:51.784801 2022] [mpm_winnt:notice] [pid 11872:tid 420] AH00455: Apache/2.4.53 (Win64) OpenSSL/1.1.1n PHP/7.4.28 configured -- resuming normal operations
[Wed Mar 30 19:19:51.784801 2022] [mpm_winnt:notice] [pid 11872:tid 420] AH00456: Apache Lounge VC15 Server built: Mar 16 2022 15:48:38
[Wed Mar 30 19:19:51.784801 2022] [core:notice] [pid 11872:tid 420] AH00094: Command line: 'c:\\xampp\\apache\\bin\\httpd.exe -d C:/xampp/apache'
[Wed Mar 30 19:19:51.896853 2022] [mpm_winnt:notice] [pid 11872:tid 420] AH00418: Parent: Created child process 4272
[Wed Mar 30 19:19:52.274080 2022] [ssl:warn] [pid 4272:tid 432] AH01909: www.example.com:443:0 server certificate does NOT include an ID which matches the server name
[Wed Mar 30 19:19:52.308327 2022] [ssl:warn] [pid 4272:tid 432] AH01909: www.example.com:443:0 server certificate does NOT include an ID which matches the server name
[Wed Mar 30 19:19:52.332613 2022] [mpm_winnt:notice] [pid 4272:tid 432] AH00354: Child: Starting 150 worker threads.
[Wed Mar 30 19:20:12.256483 2022] [php7:error] [pid 4272:tid 1872] [client ::1:64096] script 'C:/xampp/htdocs/pages/index.php' not found or unable to stat, referer: http://localhost//pages/2.php
[Wed Mar 30 19:20:27.198310 2022] [php7:error] [pid 4272:tid 1876] [client ::1:64101] script 'C:/xampp/htdocs/pages/index.php' not found or unable to stat, referer: http://localhost//pages/2.php
[Thu Mar 31 17:04:51.881052 2022] [ssl:warn] [pid 12144:tid 420] AH01909: www.example.com:443:0 server certificate does NOT include an ID which matches the server name
[Thu Mar 31 17:04:51.913785 2022] [core:warn] [pid 12144:tid 420] AH00098: pid file C:/xampp/apache/logs/httpd.pid overwritten -- Unclean shutdown of previous Apache run?
[Thu Mar 31 17:04:51.913785 2022] [ssl:warn] [pid 12144:tid 420] AH01909: www.example.com:443:0 server certificate does NOT include an ID which matches the server name
[Thu Mar 31 17:04:54.136929 2022] [mpm_winnt:notice] [pid 12144:tid 420] AH00455: Apache/2.4.53 (Win64) OpenSSL/1.1.1n PHP/7.4.28 configured -- resuming normal operations
[Thu Mar 31 17:04:54.136929 2022] [mpm_winnt:notice] [pid 12144:tid 420] AH00456: Apache Lounge VC15 Server built: Mar 16 2022 15:48:38
[Thu Mar 31 17:04:54.136929 2022] [core:notice] [pid 12144:tid 420] AH00094: Command line: 'c:\\xampp\\apache\\bin\\httpd.exe -d C:/xampp/apache'
[Thu Mar 31 17:04:54.248901 2022] [mpm_winnt:notice] [pid 12144:tid 420] AH00418: Parent: Created child process 6224
[Thu Mar 31 17:04:54.604243 2022] [ssl:warn] [pid 6224:tid 432] AH01909: www.example.com:443:0 server certificate does NOT include an ID which matches the server name
[Thu Mar 31 17:04:54.636981 2022] [ssl:warn] [pid 6224:tid 432] AH01909: www.example.com:443:0 server certificate does NOT include an ID which matches the server name
[Thu Mar 31 17:04:54.661387 2022] [mpm_winnt:notice] [pid 6224:tid 432] AH00354: Child: Starting 150 worker threads.
[Thu Mar 31 17:05:08.526978 2022] [core:error] [pid 6224:tid 1876] (20024)The given path is misformatted or contained invalid characters: [client ::1:53260] AH00127: Cannot map GET //... HTTP/1.1 to file, referer: http://localhost//index.php
[Thu Mar 31 17:05:56.847576 2022] [core:error] [pid 6224:tid 1896] (20024)The given path is misformatted or contained invalid characters: [client ::1:53281] AH00127: Cannot map GET //... HTTP/1.1 to file, referer: http://localhost//index.php
[Thu Mar 31 17:05:57.649020 2022] [core:error] [pid 6224:tid 1896] (20024)The given path is misformatted or contained invalid characters: [client ::1:53281] AH00127: Cannot map GET //... HTTP/1.1 to file, referer: http://localhost//index.php
[Thu Mar 31 17:06:00.408538 2022] [core:error] [pid 6224:tid 1896] (20024)The given path is misformatted or contained invalid characters: [client ::1:53281] AH00127: Cannot map GET //... HTTP/1.1 to file, referer: http://localhost//index.php
[Thu Mar 31 17:06:00.911035 2022] [core:error] [pid 6224:tid 1896] (20024)The given path is misformatted or contained invalid characters: [client ::1:53281] AH00127: Cannot map GET //... HTTP/1.1 to file, referer: http://localhost//index.php
[Thu Mar 31 17:06:01.423034 2022] [core:error] [pid 6224:tid 1896] (20024)The given path is misformatted or contained invalid characters: [client ::1:53281] AH00127: Cannot map GET //... HTTP/1.1 to file, referer: http://localhost//index.php
[Thu Mar 31 17:06:01.879353 2022] [core:error] [pid 6224:tid 1896] (20024)The given path is misformatted or contained invalid characters: [client ::1:53281] AH00127: Cannot map GET //... HTTP/1.1 to file, referer: http://localhost//index.php
[Thu Mar 31 17:06:02.119365 2022] [core:error] [pid 6224:tid 1896] (20024)The given path is misformatted or contained invalid characters: [client ::1:53281] AH00127: Cannot map GET //... HTTP/1.1 to file, referer: http://localhost//index.php
[Thu Mar 31 17:06:02.311353 2022] [core:error] [pid 6224:tid 1896] (20024)The given path is misformatted or contained invalid characters: [client ::1:53281] AH00127: Cannot map GET //... HTTP/1.1 to file, referer: http://localhost//index.php
[Thu Mar 31 17:06:02.519352 2022] [core:error] [pid 6224:tid 1896] (20024)The given path is misformatted or contained invalid characters: [client ::1:53281] AH00127: Cannot map GET //... HTTP/1.1 to file, referer: http://localhost//index.php
[Thu Mar 31 17:06:02.719568 2022] [core:error] [pid 6224:tid 1896] (20024)The given path is misformatted or contained invalid characters: [client ::1:53281] AH00127: Cannot map GET //... HTTP/1.1 to file, referer: http://localhost//index.php
[Thu Mar 31 17:06:03.199610 2022] [core:error] [pid 6224:tid 1896] (20024)The given path is misformatted or contained invalid characters: [client ::1:53281] AH00127: Cannot map GET //... HTTP/1.1 to file, referer: http://localhost//index.php
[Thu Mar 31 17:06:03.681623 2022] [core:error] [pid 6224:tid 1896] (20024)The given path is misformatted or contained invalid characters: [client ::1:53281] AH00127: Cannot map GET //... HTTP/1.1 to file, referer: http://localhost//index.php
[Thu Mar 31 17:06:05.981668 2022] [core:error] [pid 6224:tid 1896] (20024)The given path is misformatted or contained invalid characters: [client ::1:53281] AH00127: Cannot map GET //... HTTP/1.1 to file, referer: http://localhost//index.php
[Thu Mar 31 17:06:06.752097 2022] [core:error] [pid 6224:tid 1896] (20024)The given path is misformatted or contained invalid characters: [client ::1:53281] AH00127: Cannot map GET //... HTTP/1.1 to file, referer: http://localhost//index.php
[Thu Mar 31 17:06:07.271298 2022] [core:error] [pid 6224:tid 1896] (20024)The given path is misformatted or contained invalid characters: [client ::1:53281] AH00127: Cannot map GET //... HTTP/1.1 to file, referer: http://localhost//index.php
[Thu Mar 31 17:06:07.607262 2022] [core:error] [pid 6224:tid 1896] (20024)The given path is misformatted or contained invalid characters: [client ::1:53281] AH00127: Cannot map GET //... HTTP/1.1 to file, referer: http://localhost//index.php
[Thu Mar 31 17:06:07.815262 2022] [core:error] [pid 6224:tid 1896] (20024)The given path is misformatted or contained invalid characters: [client ::1:53281] AH00127: Cannot map GET //... HTTP/1.1 to file, referer: http://localhost//index.php
[Thu Mar 31 17:06:07.991262 2022] [core:error] [pid 6224:tid 1896] (20024)The given path is misformatted or contained invalid characters: [client ::1:53281] AH00127: Cannot map GET //... HTTP/1.1 to file, referer: http://localhost//index.php
[Thu Mar 31 17:06:10.007246 2022] [core:error] [pid 6224:tid 1896] (20024)The given path is misformatted or contained invalid characters: [client ::1:53281] AH00127: Cannot map GET //... HTTP/1.1 to file, referer: http://localhost//index.php
[Thu Mar 31 17:06:16.318729 2022] [core:error] [pid 6224:tid 1876] (20024)The given path is misformatted or contained invalid characters: [client ::1:53282] AH00127: Cannot map GET //... HTTP/1.1 to file, referer: http://localhost//index.php
[Thu Mar 31 17:08:01.532617 2022] [core:error] [pid 6224:tid 1896] (20024)The given path is misformatted or contained invalid characters: [client ::1:53303] AH00127: Cannot map GET //... HTTP/1.1 to file, referer: http://localhost//index.php
[Thu Mar 31 17:08:02.278961 2022] [core:error] [pid 6224:tid 1896] (20024)The given path is misformatted or contained invalid characters: [client ::1:53303] AH00127: Cannot map GET //... HTTP/1.1 to file, referer: http://localhost//index.php
[Thu Mar 31 17:08:02.774960 2022] [core:error] [pid 6224:tid 1896] (20024)The given path is misformatted or contained invalid characters: [client ::1:53303] AH00127: Cannot map GET //... HTTP/1.1 to file, referer: http://localhost//index.php
[Thu Mar 31 17:08:03.356873 2022] [core:error] [pid 6224:tid 1896] (20024)The given path is misformatted or contained invalid characters: [client ::1:53303] AH00127: Cannot map GET //... HTTP/1.1 to file, referer: http://localhost//index.php
[Thu Mar 31 17:08:03.556861 2022] [core:error] [pid 6224:tid 1896] (20024)The given path is misformatted or contained invalid characters: [client ::1:53303] AH00127: Cannot map GET //... HTTP/1.1 to file, referer: http://localhost//index.php
[Thu Mar 31 17:08:03.724850 2022] [core:error] [pid 6224:tid 1896] (20024)The given path is misformatted or contained invalid characters: [client ::1:53303] AH00127: Cannot map GET //... HTTP/1.1 to file, referer: http://localhost//index.php
[Thu Mar 31 17:08:03.908850 2022] [core:error] [pid 6224:tid 1896] (20024)The given path is misformatted or contained invalid characters: [client ::1:53303] AH00127: Cannot map GET //... HTTP/1.1 to file, referer: http://localhost//index.php
[Thu Mar 31 17:08:04.084850 2022] [core:error] [pid 6224:tid 1896] (20024)The given path is misformatted or contained invalid characters: [client ::1:53303] AH00127: Cannot map GET //... HTTP/1.1 to file, referer: http://localhost//index.php
[Thu Mar 31 17:08:04.710159 2022] [core:error] [pid 6224:tid 1896] (20024)The given path is misformatted or contained invalid characters: [client ::1:53303] AH00127: Cannot map GET //... HTTP/1.1 to file, referer: http://localhost//index.php
[Thu Mar 31 17:09:06.130674 2022] [core:error] [pid 6224:tid 1876] (20024)The given path is misformatted or contained invalid characters: [client ::1:53404] AH00127: Cannot map GET //... HTTP/1.1 to file, referer: http://localhost//index.php
[Thu Mar 31 17:09:08.374655 2022] [core:error] [pid 6224:tid 1876] (20024)The given path is misformatted or contained invalid characters: [client ::1:53404] AH00127: Cannot map GET //... HTTP/1.1 to file, referer: http://localhost//index.php
[Thu Mar 31 17:09:09.867629 2022] [core:error] [pid 6224:tid 1876] (20024)The given path is misformatted or contained invalid characters: [client ::1:53404] AH00127: Cannot map GET //... HTTP/1.1 to file, referer: http://localhost//index.php
[Thu Mar 31 17:09:10.573835 2022] [core:error] [pid 6224:tid 1876] (20024)The given path is misformatted or contained invalid characters: [client ::1:53404] AH00127: Cannot map GET //... HTTP/1.1 to file, referer: http://localhost//index.php
[Thu Mar 31 17:09:58.853276 2022] [core:error] [pid 6224:tid 1896] (20024)The given path is misformatted or contained invalid characters: [client ::1:53405] AH00127: Cannot map GET //... HTTP/1.1 to file, referer: http://localhost//index.php
[Thu Mar 31 17:11:00.706856 2022] [core:error] [pid 6224:tid 1896] (20024)The given path is misformatted or contained invalid characters: [client ::1:53428] AH00127: Cannot map GET //... HTTP/1.1 to file, referer: http://localhost//index.php
[Thu Mar 31 17:11:35.848109 2022] [core:error] [pid 6224:tid 1876] (20024)The given path is misformatted or contained invalid characters: [client ::1:53427] AH00127: Cannot map GET //... HTTP/1.1 to file, referer: http://localhost//index.php
[Thu Mar 31 17:11:41.346976 2022] [core:error] [pid 6224:tid 1896] (20024)The given path is misformatted or contained invalid characters: [client ::1:53433] AH00127: Cannot map GET //... HTTP/1.1 to file, referer: http://localhost//index.php
[Thu Mar 31 17:11:57.072575 2022] [core:error] [pid 6224:tid 1876] (20024)The given path is misformatted or contained invalid characters: [client ::1:53434] AH00127: Cannot map GET //... HTTP/1.1 to file, referer: http://localhost//index.php
[Thu Mar 31 17:12:52.499381 2022] [core:error] [pid 6224:tid 1896] (20024)The given path is misformatted or contained invalid characters: [client ::1:53437] AH00127: Cannot map GET //... HTTP/1.1 to file, referer: http://localhost//index.php
[Thu Mar 31 17:13:11.775400 2022] [core:error] [pid 6224:tid 1876] (20024)The given path is misformatted or contained invalid characters: [client ::1:53451] AH00127: Cannot map GET //... HTTP/1.1 to file, referer: http://localhost//index.php
[Thu Mar 31 17:13:12.575643 2022] [core:error] [pid 6224:tid 1876] (20024)The given path is misformatted or contained invalid characters: [client ::1:53451] AH00127: Cannot map GET //... HTTP/1.1 to file, referer: http://localhost//index.php
[Thu Mar 31 17:13:12.843829 2022] [core:error] [pid 6224:tid 1876] (20024)The given path is misformatted or contained invalid characters: [client ::1:53451] AH00127: Cannot map GET //... HTTP/1.1 to file, referer: http://localhost//index.php
[Thu Mar 31 17:13:13.037689 2022] [core:error] [pid 6224:tid 1876] (20024)The given path is misformatted or contained invalid characters: [client ::1:53451] AH00127: Cannot map GET //... HTTP/1.1 to file, referer: http://localhost//index.php
[Thu Mar 31 17:14:09.276238 2022] [core:error] [pid 6224:tid 1896] (20024)The given path is misformatted or contained invalid characters: [client ::1:53459] AH00127: Cannot map GET //... HTTP/1.1 to file, referer: http://localhost//index.php
[Thu Mar 31 17:15:56.314925 2022] [core:error] [pid 6224:tid 1896] (20024)The given path is misformatted or contained invalid characters: [client ::1:53505] AH00127: Cannot map GET //... HTTP/1.1 to file, referer: http://localhost//index.php
[Thu Mar 31 17:21:01.127045 2022] [core:error] [pid 6224:tid 1896] (20024)The given path is misformatted or contained invalid characters: [client ::1:53535] AH00127: Cannot map GET //... HTTP/1.1 to file, referer: http://localhost//index.php
[Thu Mar 31 17:21:03.358366 2022] [core:error] [pid 6224:tid 1896] (20024)The given path is misformatted or contained invalid characters: [client ::1:53535] AH00127: Cannot map GET //... HTTP/1.1 to file, referer: http://localhost//index.php
[Thu Mar 31 17:21:03.996112 2022] [core:error] [pid 6224:tid 1896] (20024)The given path is misformatted or contained invalid characters: [client ::1:53535] AH00127: Cannot map GET //... HTTP/1.1 to file, referer: http://localhost//index.php
[Thu Mar 31 17:21:37.374640 2022] [core:error] [pid 6224:tid 1876] (20024)The given path is misformatted or contained invalid characters: [client ::1:53534] AH00127: Cannot map GET //... HTTP/1.1 to file, referer: http://localhost//index.php
[Thu Mar 31 17:22:42.905445 2022] [core:error] [pid 6224:tid 1896] (20024)The given path is misformatted or contained invalid characters: [client ::1:53561] AH00127: Cannot map GET //... HTTP/1.1 to file, referer: http://localhost//index.php
[Thu Mar 31 17:22:43.458726 2022] [core:error] [pid 6224:tid 1896] (20024)The given path is misformatted or contained invalid characters: [client ::1:53561] AH00127: Cannot map GET //... HTTP/1.1 to file, referer: http://localhost//index.php
[Thu Mar 31 17:22:43.666703 2022] [core:error] [pid 6224:tid 1896] (20024)The given path is misformatted or contained invalid characters: [client ::1:53561] AH00127: Cannot map GET //... HTTP/1.1 to file, referer: http://localhost//index.php
[Thu Mar 31 17:22:43.882724 2022] [core:error] [pid 6224:tid 1896] (20024)The given path is misformatted or contained invalid characters: [client ::1:53561] AH00127: Cannot map GET //... HTTP/1.1 to file, referer: http://localhost//index.php
[Thu Mar 31 17:23:47.275667 2022] [core:error] [pid 6224:tid 1876] (20024)The given path is misformatted or contained invalid characters: [client ::1:53573] AH00127: Cannot map GET //... HTTP/1.1 to file, referer: http://localhost//index.php
[Thu Mar 31 17:24:12.739681 2022] [core:error] [pid 6224:tid 1896] (20024)The given path is misformatted or contained invalid characters: [client ::1:53574] AH00127: Cannot map GET //... HTTP/1.1 to file, referer: http://localhost//index.php
[Thu Mar 31 17:24:38.511272 2022] [core:error] [pid 6224:tid 1876] (20024)The given path is misformatted or contained invalid characters: [client ::1:53585] AH00127: Cannot map GET //... HTTP/1.1 to file, referer: http://localhost//index.php
[Thu Mar 31 17:24:41.260601 2022] [core:error] [pid 6224:tid 1876] (20024)The given path is misformatted or contained invalid characters: [client ::1:53585] AH00127: Cannot map GET //... HTTP/1.1 to file, referer: http://localhost//index.php
[Thu Mar 31 17:26:12.219781 2022] [core:error] [pid 6224:tid 1876] (20024)The given path is misformatted or contained invalid characters: [client ::1:53654] AH00127: Cannot map GET //... HTTP/1.1 to file, referer: http://localhost//index.php
[Thu Mar 31 17:26:14.505431 2022] [core:error] [pid 6224:tid 1876] (20024)The given path is misformatted or contained invalid characters: [client ::1:53654] AH00127: Cannot map GET //... HTTP/1.1 to file, referer: http://localhost//index.php
[Thu Mar 31 17:26:29.190113 2022] [core:error] [pid 6224:tid 1896] (20024)The given path is misformatted or contained invalid characters: [client ::1:53653] AH00127: Cannot map GET //... HTTP/1.1 to file, referer: http://localhost//index.php
[Thu Mar 31 17:26:39.822912 2022] [core:error] [pid 6224:tid 1876] (20024)The given path is misformatted or contained invalid characters: [client ::1:53665] AH00127: Cannot map GET //... HTTP/1.1 to file, referer: http://localhost//index.php
[Thu Mar 31 17:26:52.722936 2022] [core:error] [pid 6224:tid 1896] (20024)The given path is misformatted or contained invalid characters: [client ::1:53669] AH00127: Cannot map GET //... HTTP/1.1 to file, referer: http://localhost//index.php
[Thu Mar 31 17:26:53.439302 2022] [core:error] [pid 6224:tid 1896] (20024)The given path is misformatted or contained invalid characters: [client ::1:53669] AH00127: Cannot map GET //... HTTP/1.1 to file, referer: http://localhost//index.php
[Thu Mar 31 17:26:56.679973 2022] [core:error] [pid 6224:tid 1896] (20024)The given path is misformatted or contained invalid characters: [client ::1:53669] AH00127: Cannot map GET //... HTTP/1.1 to file, referer: http://localhost//index.php
[Thu Mar 31 17:27:12.595985 2022] [core:error] [pid 6224:tid 1876] (20024)The given path is misformatted or contained invalid characters: [client ::1:53672] AH00127: Cannot map GET //... HTTP/1.1 to file, referer: http://localhost//index.php
[Thu Mar 31 17:28:19.450658 2022] [core:error] [pid 6224:tid 1876] (20024)The given path is misformatted or contained invalid characters: [client ::1:53742] AH00127: Cannot map GET //... HTTP/1.1 to file, referer: http://localhost//index.php
[Thu Mar 31 17:28:42.071662 2022] [core:error] [pid 6224:tid 1896] (20024)The given path is misformatted or contained invalid characters: [client ::1:53741] AH00127: Cannot map GET //... HTTP/1.1 to file, referer: http://localhost//index.php
[Thu Mar 31 17:28:42.727371 2022] [core:error] [pid 6224:tid 1896] (20024)The given path is misformatted or contained invalid characters: [client ::1:53741] AH00127: Cannot map GET //... HTTP/1.1 to file, referer: http://localhost//index.php
[Thu Mar 31 17:28:44.918918 2022] [core:error] [pid 6224:tid 1896] (20024)The given path is misformatted or contained invalid characters: [client ::1:53741] AH00127: Cannot map GET //... HTTP/1.1 to file, referer: http://localhost//index.php
[Thu Mar 31 17:28:45.725256 2022] [core:error] [pid 6224:tid 1896] (20024)The given path is misformatted or contained invalid characters: [client ::1:53741] AH00127: Cannot map GET //... HTTP/1.1 to file, referer: http://localhost//index.php
[Thu Mar 31 17:28:46.189252 2022] [core:error] [pid 6224:tid 1896] (20024)The given path is misformatted or contained invalid characters: [client ::1:53741] AH00127: Cannot map GET //... HTTP/1.1 to file, referer: http://localhost//index.php
[Thu Mar 31 17:28:46.357252 2022] [core:error] [pid 6224:tid 1896] (20024)The given path is misformatted or contained invalid characters: [client ::1:53741] AH00127: Cannot map GET //... HTTP/1.1 to file, referer: http://localhost//index.php
[Thu Mar 31 17:28:46.557281 2022] [core:error] [pid 6224:tid 1896] (20024)The given path is misformatted or contained invalid characters: [client ::1:53741] AH00127: Cannot map GET //... HTTP/1.1 to file, referer: http://localhost//index.php
[Thu Mar 31 17:28:46.741253 2022] [core:error] [pid 6224:tid 1896] (20024)The given path is misformatted or contained invalid characters: [client ::1:53741] AH00127: Cannot map GET //... HTTP/1.1 to file, referer: http://localhost//index.php
[Thu Mar 31 17:28:46.925252 2022] [core:error] [pid 6224:tid 1896] (20024)The given path is misformatted or contained invalid characters: [client ::1:53741] AH00127: Cannot map GET //... HTTP/1.1 to file, referer: http://localhost//index.php
[Thu Mar 31 17:28:47.093253 2022] [core:error] [pid 6224:tid 1896] (20024)The given path is misformatted or contained invalid characters: [client ::1:53741] AH00127: Cannot map GET //... HTTP/1.1 to file, referer: http://localhost//index.php
[Thu Mar 31 17:28:47.309252 2022] [core:error] [pid 6224:tid 1896] (20024)The given path is misformatted or contained invalid characters: [client ::1:53741] AH00127: Cannot map GET //... HTTP/1.1 to file, referer: http://localhost//index.php
[Thu Mar 31 17:28:49.864743 2022] [core:error] [pid 6224:tid 1896] (20024)The given path is misformatted or contained invalid characters: [client ::1:53741] AH00127: Cannot map GET //... HTTP/1.1 to file, referer: http://localhost//index.php
[Thu Mar 31 17:28:50.117312 2022] [core:error] [pid 6224:tid 1896] (20024)The given path is misformatted or contained invalid characters: [client ::1:53741] AH00127: Cannot map GET //... HTTP/1.1 to file, referer: http://localhost//index.php
[Thu Mar 31 17:28:50.333312 2022] [core:error] [pid 6224:tid 1896] (20024)The given path is misformatted or contained invalid characters: [client ::1:53741] AH00127: Cannot map GET //... HTTP/1.1 to file, referer: http://localhost//index.php
[Thu Mar 31 17:28:50.557647 2022] [core:error] [pid 6224:tid 1896] (20024)The given path is misformatted or contained invalid characters: [client ::1:53741] AH00127: Cannot map GET //... HTTP/1.1 to file, referer: http://localhost//index.php
[Thu Mar 31 17:28:50.757680 2022] [core:error] [pid 6224:tid 1896] (20024)The given path is misformatted or contained invalid characters: [client ::1:53741] AH00127: Cannot map GET //... HTTP/1.1 to file, referer: http://localhost//index.php
[Thu Mar 31 17:28:50.957645 2022] [core:error] [pid 6224:tid 1896] (20024)The given path is misformatted or contained invalid characters: [client ::1:53741] AH00127: Cannot map GET //... HTTP/1.1 to file, referer: http://localhost//index.php
[Thu Mar 31 17:28:51.157643 2022] [core:error] [pid 6224:tid 1896] (20024)The given path is misformatted or contained invalid characters: [client ::1:53741] AH00127: Cannot map GET //... HTTP/1.1 to file, referer: http://localhost//index.php
[Thu Mar 31 17:28:51.373643 2022] [core:error] [pid 6224:tid 1896] (20024)The given path is misformatted or contained invalid characters: [client ::1:53741] AH00127: Cannot map GET //... HTTP/1.1 to file, referer: http://localhost//index.php
[Thu Mar 31 17:28:53.517819 2022] [core:error] [pid 6224:tid 1896] (20024)The given path is misformatted or contained invalid characters: [client ::1:53741] AH00127: Cannot map GET //... HTTP/1.1 to file, referer: http://localhost//index.php
[Thu Mar 31 17:28:53.775391 2022] [core:error] [pid 6224:tid 1896] (20024)The given path is misformatted or contained invalid characters: [client ::1:53741] AH00127: Cannot map GET //... HTTP/1.1 to file, referer: http://localhost//index.php
[Thu Mar 31 17:28:53.943392 2022] [core:error] [pid 6224:tid 1896] (20024)The given path is misformatted or contained invalid characters: [client ::1:53741] AH00127: Cannot map GET //... HTTP/1.1 to file, referer: http://localhost//index.php
[Thu Mar 31 17:28:54.143393 2022] [core:error] [pid 6224:tid 1896] (20024)The given path is misformatted or contained invalid characters: [client ::1:53741] AH00127: Cannot map GET //... HTTP/1.1 to file, referer: http://localhost//index.php
[Thu Mar 31 17:28:54.336361 2022] [core:error] [pid 6224:tid 1896] (20024)The given path is misformatted or contained invalid characters: [client ::1:53741] AH00127: Cannot map GET //... HTTP/1.1 to file, referer: http://localhost//index.php
[Thu Mar 31 17:28:54.552362 2022] [core:error] [pid 6224:tid 1896] (20024)The given path is misformatted or contained invalid characters: [client ::1:53741] AH00127: Cannot map GET //... HTTP/1.1 to file, referer: http://localhost//index.php
[Thu Mar 31 17:28:54.736398 2022] [core:error] [pid 6224:tid 1896] (20024)The given path is misformatted or contained invalid characters: [client ::1:53741] AH00127: Cannot map GET //... HTTP/1.1 to file, referer: http://localhost//index.php
[Thu Mar 31 17:29:52.809118 2022] [core:error] [pid 6224:tid 1896] (20024)The given path is misformatted or contained invalid characters: [client ::1:53754] AH00127: Cannot map GET //... HTTP/1.1 to file, referer: http://localhost//index.php
[Thu Mar 31 17:29:59.288072 2022] [core:error] [pid 6224:tid 1876] (20024)The given path is misformatted or contained invalid characters: [client ::1:53774] AH00127: Cannot map GET //... HTTP/1.1 to file, referer: http://localhost//index.php
[Thu Mar 31 17:30:51.405542 2022] [core:error] [pid 6224:tid 1896] (20024)The given path is misformatted or contained invalid characters: [client ::1:53777] AH00127: Cannot map GET //... HTTP/1.1 to file, referer: http://localhost//index.php
[Thu Mar 31 17:30:52.085610 2022] [core:error] [pid 6224:tid 1896] (20024)The given path is misformatted or contained invalid characters: [client ::1:53777] AH00127: Cannot map GET //... HTTP/1.1 to file, referer: http://localhost//index.php
[Thu Mar 31 17:31:00.763370 2022] [core:error] [pid 6224:tid 1876] (20024)The given path is misformatted or contained invalid characters: [client ::1:53816] AH00127: Cannot map GET //... HTTP/1.1 to file, referer: http://localhost//index.php
[Thu Mar 31 17:43:42.018871 2022] [core:error] [pid 6224:tid 1896] (20024)The given path is misformatted or contained invalid characters: [client ::1:54061] AH00127: Cannot map GET //... HTTP/1.1 to file, referer: http://localhost//index.php
[Thu Mar 31 17:44:45.887783 2022] [core:error] [pid 6224:tid 1896] (20024)The given path is misformatted or contained invalid characters: [client ::1:54109] AH00127: Cannot map GET //... HTTP/1.1 to file, referer: http://localhost//index.php
[Thu Mar 31 17:44:51.425922 2022] [core:error] [pid 6224:tid 1876] (20024)The given path is misformatted or contained invalid characters: [client ::1:54108] AH00127: Cannot map GET //... HTTP/1.1 to file, referer: http://localhost//index.php
[Thu Mar 31 17:45:01.342523 2022] [core:error] [pid 6224:tid 1896] (20024)The given path is misformatted or contained invalid characters: [client ::1:54131] AH00127: Cannot map GET //... HTTP/1.1 to file, referer: http://localhost//index.php
[Thu Mar 31 18:21:42.617065 2022] [core:error] [pid 6224:tid 1896] (20024)The given path is misformatted or contained invalid characters: [client ::1:52042] AH00127: Cannot map GET //... HTTP/1.1 to file, referer: http://localhost//index.php
[Thu Mar 31 18:21:52.481403 2022] [core:error] [pid 6224:tid 1876] (20024)The given path is misformatted or contained invalid characters: [client ::1:52041] AH00127: Cannot map GET //... HTTP/1.1 to file, referer: http://localhost//index.php
[Thu Mar 31 18:21:53.630341 2022] [core:error] [pid 6224:tid 1876] (20024)The given path is misformatted or contained invalid characters: [client ::1:52041] AH00127: Cannot map GET //... HTTP/1.1 to file, referer: http://localhost//index.php
[Thu Mar 31 18:22:01.026049 2022] [core:error] [pid 6224:tid 1896] (20024)The given path is misformatted or contained invalid characters: [client ::1:52049] AH00127: Cannot map GET //... HTTP/1.1 to file, referer: http://localhost//index.php
[Thu Mar 31 18:23:11.455001 2022] [core:error] [pid 6224:tid 1876] (20024)The given path is misformatted or contained invalid characters: [client ::1:52094] AH00127: Cannot map GET //... HTTP/1.1 to file, referer: http://localhost//index.php
[Thu Mar 31 18:26:20.438351 2022] [core:error] [pid 6224:tid 1876] (20024)The given path is misformatted or contained invalid characters: [client ::1:52131] AH00127: Cannot map GET //... HTTP/1.1 to file, referer: http://localhost//index.php
[Thu Mar 31 18:27:11.051489 2022] [core:error] [pid 6224:tid 1896] (20024)The given path is misformatted or contained invalid characters: [client ::1:52130] AH00127: Cannot map GET //... HTTP/1.1 to file, referer: http://localhost//index.php
[Thu Mar 31 18:33:19.162631 2022] [core:error] [pid 6224:tid 1896] (20024)The given path is misformatted or contained invalid characters: [client ::1:54156] AH00127: Cannot map GET //... HTTP/1.1 to file, referer: http://localhost//index.php
[Thu Mar 31 18:34:07.268431 2022] [core:error] [pid 6224:tid 1876] (20024)The given path is misformatted or contained invalid characters: [client ::1:54155] AH00127: Cannot map GET //... HTTP/1.1 to file, referer: http://localhost//index.php
[Thu Mar 31 18:59:48.488672 2022] [core:error] [pid 6224:tid 1860] (20024)The given path is misformatted or contained invalid characters: [client ::1:54576] AH00127: Cannot map GET /... HTTP/1.1 to file, referer: http://localhost/
[Thu Mar 31 19:26:51.347602 2022] [php7:error] [pid 6224:tid 1864] [client ::1:65423] script 'C:/xampp/htdocs/connect.php' not found or unable to stat, referer: http://localhost//index.php
[Thu Mar 31 19:27:12.131484 2022] [php7:error] [pid 6224:tid 1860] [client ::1:65422] script 'C:/xampp/htdocs/connect.php' not found or unable to stat, referer: http://localhost//index.php
[Thu Mar 31 19:28:00.537331 2022] [core:error] [pid 6224:tid 1860] (20024)The given path is misformatted or contained invalid characters: [client ::1:65436] AH00127: Cannot map GET //... HTTP/1.1 to file, referer: http://localhost//index.php
[Thu Mar 31 19:28:11.651045 2022] [php7:notice] [pid 6224:tid 1864] [client ::1:65443] PHP Notice:  Undefined index: classlevel in C:\\xampp\\htdocs\\database_connection.php on line 3, referer: http://localhost//index.php
[Thu Mar 31 19:30:34.151935 2022] [php7:notice] [pid 6224:tid 1868] [client ::1:65534] PHP Notice:  Undefined index: classlevel in C:\\xampp\\htdocs\\database_connection.php on line 3, referer: http://localhost//index.php
[Thu Mar 31 19:30:37.616795 2022] [core:error] [pid 6224:tid 1868] (20024)The given path is misformatted or contained invalid characters: [client ::1:65534] AH00127: Cannot map GET //... HTTP/1.1 to file, referer: http://localhost//index.php
[Thu Mar 31 19:38:54.978977 2022] [core:error] [pid 6224:tid 1868] (20024)The given path is misformatted or contained invalid characters: [client ::1:49311] AH00127: Cannot map GET //... HTTP/1.1 to file, referer: http://localhost//index.php
[Thu Mar 31 19:39:33.033125 2022] [core:error] [pid 6224:tid 1868] (20024)The given path is misformatted or contained invalid characters: [client ::1:49313] AH00127: Cannot map GET //... HTTP/1.1 to file, referer: http://localhost//index.php
[Thu Mar 31 19:41:45.086849 2022] [core:error] [pid 6224:tid 1860] (20024)The given path is misformatted or contained invalid characters: [client ::1:49427] AH00127: Cannot map GET //... HTTP/1.1 to file, referer: http://localhost//index.php
[Thu Mar 31 19:54:48.387935 2022] [core:error] [pid 6224:tid 1868] (20024)The given path is misformatted or contained invalid characters: [client ::1:59852] AH00127: Cannot map GET //... HTTP/1.1 to file, referer: http://localhost//index.php
[Thu Mar 31 19:57:10.357846 2022] [php7:error] [pid 6224:tid 1868] [client ::1:59884] script 'C:/xampp/htdocs/pages/index.php' not found or unable to stat, referer: http://localhost//pages/registration.php
[Thu Mar 31 19:57:45.485267 2022] [php7:error] [pid 6224:tid 1860] [client ::1:59883] script 'C:/xampp/htdocs/pages/index.php' not found or unable to stat, referer: http://localhost//pages/registration.php
[Thu Mar 31 19:57:51.698740 2022] [core:error] [pid 6224:tid 1868] (20024)The given path is misformatted or contained invalid characters: [client ::1:59891] AH00127: Cannot map GET //... HTTP/1.1 to file, referer: http://localhost//index.php
[Thu Mar 31 20:05:47.470465 2022] [core:error] [pid 6224:tid 1860] (20024)The given path is misformatted or contained invalid characters: [client ::1:60134] AH00127: Cannot map GET /... HTTP/1.1 to file, referer: http://localhost/
[Sun Apr 03 15:53:51.496076 2022] [ssl:warn] [pid 18960:tid 428] AH01909: www.example.com:443:0 server certificate does NOT include an ID which matches the server name
[Sun Apr 03 15:53:51.550237 2022] [core:warn] [pid 18960:tid 428] AH00098: pid file C:/xampp/apache/logs/httpd.pid overwritten -- Unclean shutdown of previous Apache run?
[Sun Apr 03 15:53:51.553808 2022] [ssl:warn] [pid 18960:tid 428] AH01909: www.example.com:443:0 server certificate does NOT include an ID which matches the server name
[Sun Apr 03 15:53:51.679795 2022] [mpm_winnt:notice] [pid 18960:tid 428] AH00455: Apache/2.4.53 (Win64) OpenSSL/1.1.1n PHP/7.4.28 configured -- resuming normal operations
[Sun Apr 03 15:53:51.679795 2022] [mpm_winnt:notice] [pid 18960:tid 428] AH00456: Apache Lounge VC15 Server built: Mar 16 2022 15:48:38
[Sun Apr 03 15:53:51.679795 2022] [core:notice] [pid 18960:tid 428] AH00094: Command line: 'c:\\xampp\\apache\\bin\\httpd.exe -d C:/xampp/apache'
[Sun Apr 03 15:53:51.830173 2022] [mpm_winnt:notice] [pid 18960:tid 428] AH00418: Parent: Created child process 19712
[Sun Apr 03 15:53:54.318425 2022] [ssl:warn] [pid 19712:tid 424] AH01909: www.example.com:443:0 server certificate does NOT include an ID which matches the server name
[Sun Apr 03 15:53:54.363095 2022] [ssl:warn] [pid 19712:tid 424] AH01909: www.example.com:443:0 server certificate does NOT include an ID which matches the server name
[Sun Apr 03 15:53:56.605342 2022] [mpm_winnt:notice] [pid 19712:tid 424] AH00354: Child: Starting 150 worker threads.
[Sun Apr 03 15:56:43.685480 2022] [php7:notice] [pid 19712:tid 1876] [client ::1:53084] PHP Notice:  Undefined variable: ans in C:\\xampp\\htdocs\\Simplecalculator.php on line 64
[Sun Apr 03 16:03:50.380665 2022] [php7:warn] [pid 19712:tid 1880] [client ::1:53539] PHP Warning:  A non-numeric value encountered in C:\\xampp\\htdocs\\Simplecalculator.php on line 8, referer: http://localhost//Simplecalculator.php
[Sun Apr 03 16:03:50.380665 2022] [php7:warn] [pid 19712:tid 1880] [client ::1:53539] PHP Warning:  A non-numeric value encountered in C:\\xampp\\htdocs\\Simplecalculator.php on line 8, referer: http://localhost//Simplecalculator.php
[Sun Apr 03 16:03:51.709227 2022] [php7:warn] [pid 19712:tid 1880] [client ::1:53539] PHP Warning:  A non-numeric value encountered in C:\\xampp\\htdocs\\Simplecalculator.php on line 10, referer: http://localhost//Simplecalculator.php
[Sun Apr 03 16:03:51.709227 2022] [php7:warn] [pid 19712:tid 1880] [client ::1:53539] PHP Warning:  A non-numeric value encountered in C:\\xampp\\htdocs\\Simplecalculator.php on line 10, referer: http://localhost//Simplecalculator.php
[Sun Apr 03 16:03:52.548275 2022] [php7:warn] [pid 19712:tid 1880] [client ::1:53539] PHP Warning:  A non-numeric value encountered in C:\\xampp\\htdocs\\Simplecalculator.php on line 12, referer: http://localhost//Simplecalculator.php
[Sun Apr 03 16:03:52.548275 2022] [php7:warn] [pid 19712:tid 1880] [client ::1:53539] PHP Warning:  A non-numeric value encountered in C:\\xampp\\htdocs\\Simplecalculator.php on line 12, referer: http://localhost//Simplecalculator.php
[Sun Apr 03 16:03:53.173172 2022] [php7:warn] [pid 19712:tid 1880] [client ::1:53539] PHP Warning:  A non-numeric value encountered in C:\\xampp\\htdocs\\Simplecalculator.php on line 14, referer: http://localhost//Simplecalculator.php
[Sun Apr 03 16:03:53.173172 2022] [php7:warn] [pid 19712:tid 1880] [client ::1:53539] PHP Warning:  A non-numeric value encountered in C:\\xampp\\htdocs\\Simplecalculator.php on line 14, referer: http://localhost//Simplecalculator.php
[Sun Apr 03 16:03:53.173172 2022] [php7:warn] [pid 19712:tid 1880] [client ::1:53539] PHP Warning:  Division by zero in C:\\xampp\\htdocs\\Simplecalculator.php on line 14, referer: http://localhost//Simplecalculator.php
[Sun Apr 03 16:03:54.380772 2022] [php7:warn] [pid 19712:tid 1880] [client ::1:53539] PHP Warning:  A non-numeric value encountered in C:\\xampp\\htdocs\\Simplecalculator.php on line 10, referer: http://localhost//Simplecalculator.php
[Sun Apr 03 16:03:54.380772 2022] [php7:warn] [pid 19712:tid 1880] [client ::1:53539] PHP Warning:  A non-numeric value encountered in C:\\xampp\\htdocs\\Simplecalculator.php on line 10, referer: http://localhost//Simplecalculator.php
[Sun Apr 03 16:03:55.121528 2022] [php7:warn] [pid 19712:tid 1880] [client ::1:53539] PHP Warning:  A non-numeric value encountered in C:\\xampp\\htdocs\\Simplecalculator.php on line 12, referer: http://localhost//Simplecalculator.php
[Sun Apr 03 16:03:55.121528 2022] [php7:warn] [pid 19712:tid 1880] [client ::1:53539] PHP Warning:  A non-numeric value encountered in C:\\xampp\\htdocs\\Simplecalculator.php on line 12, referer: http://localhost//Simplecalculator.php
[Sun Apr 03 16:03:55.709428 2022] [php7:warn] [pid 19712:tid 1880] [client ::1:53539] PHP Warning:  A non-numeric value encountered in C:\\xampp\\htdocs\\Simplecalculator.php on line 8, referer: http://localhost//Simplecalculator.php
[Sun Apr 03 16:03:55.709428 2022] [php7:warn] [pid 19712:tid 1880] [client ::1:53539] PHP Warning:  A non-numeric value encountered in C:\\xampp\\htdocs\\Simplecalculator.php on line 8, referer: http://localhost//Simplecalculator.php
[Sun Apr 03 16:03:56.379745 2022] [php7:warn] [pid 19712:tid 1880] [client ::1:53539] PHP Warning:  A non-numeric value encountered in C:\\xampp\\htdocs\\Simplecalculator.php on line 10, referer: http://localhost//Simplecalculator.php
[Sun Apr 03 16:03:56.379745 2022] [php7:warn] [pid 19712:tid 1880] [client ::1:53539] PHP Warning:  A non-numeric value encountered in C:\\xampp\\htdocs\\Simplecalculator.php on line 10, referer: http://localhost//Simplecalculator.php
[Sun Apr 03 16:03:56.920820 2022] [php7:warn] [pid 19712:tid 1880] [client ::1:53539] PHP Warning:  A non-numeric value encountered in C:\\xampp\\htdocs\\Simplecalculator.php on line 12, referer: http://localhost//Simplecalculator.php
[Sun Apr 03 16:03:56.920820 2022] [php7:warn] [pid 19712:tid 1880] [client ::1:53539] PHP Warning:  A non-numeric value encountered in C:\\xampp\\htdocs\\Simplecalculator.php on line 12, referer: http://localhost//Simplecalculator.php
[Sun Apr 03 16:03:57.400642 2022] [php7:warn] [pid 19712:tid 1880] [client ::1:53539] PHP Warning:  A non-numeric value encountered in C:\\xampp\\htdocs\\Simplecalculator.php on line 14, referer: http://localhost//Simplecalculator.php
[Sun Apr 03 16:03:57.402100 2022] [php7:warn] [pid 19712:tid 1880] [client ::1:53539] PHP Warning:  A non-numeric value encountered in C:\\xampp\\htdocs\\Simplecalculator.php on line 14, referer: http://localhost//Simplecalculator.php
[Sun Apr 03 16:03:57.402100 2022] [php7:warn] [pid 19712:tid 1880] [client ::1:53539] PHP Warning:  Division by zero in C:\\xampp\\htdocs\\Simplecalculator.php on line 14, referer: http://localhost//Simplecalculator.php
[Sun Apr 03 16:03:58.429896 2022] [php7:warn] [pid 19712:tid 1880] [client ::1:53539] PHP Warning:  A non-numeric value encountered in C:\\xampp\\htdocs\\Simplecalculator.php on line 10, referer: http://localhost//Simplecalculator.php
[Sun Apr 03 16:03:58.429896 2022] [php7:warn] [pid 19712:tid 1880] [client ::1:53539] PHP Warning:  A non-numeric value encountered in C:\\xampp\\htdocs\\Simplecalculator.php on line 10, referer: http://localhost//Simplecalculator.php
[Sun Apr 03 16:03:59.370600 2022] [php7:warn] [pid 19712:tid 1880] [client ::1:53539] PHP Warning:  A non-numeric value encountered in C:\\xampp\\htdocs\\Simplecalculator.php on line 8, referer: http://localhost//Simplecalculator.php
[Sun Apr 03 16:03:59.370600 2022] [php7:warn] [pid 19712:tid 1880] [client ::1:53539] PHP Warning:  A non-numeric value encountered in C:\\xampp\\htdocs\\Simplecalculator.php on line 8, referer: http://localhost//Simplecalculator.php
[Sun Apr 03 16:03:59.979037 2022] [php7:warn] [pid 19712:tid 1880] [client ::1:53539] PHP Warning:  A non-numeric value encountered in C:\\xampp\\htdocs\\Simplecalculator.php on line 10, referer: http://localhost//Simplecalculator.php
[Sun Apr 03 16:03:59.979037 2022] [php7:warn] [pid 19712:tid 1880] [client ::1:53539] PHP Warning:  A non-numeric value encountered in C:\\xampp\\htdocs\\Simplecalculator.php on line 10, referer: http://localhost//Simplecalculator.php
[Sun Apr 03 16:04:00.509452 2022] [php7:warn] [pid 19712:tid 1880] [client ::1:53539] PHP Warning:  A non-numeric value encountered in C:\\xampp\\htdocs\\Simplecalculator.php on line 10, referer: http://localhost//Simplecalculator.php
[Sun Apr 03 16:04:00.509452 2022] [php7:warn] [pid 19712:tid 1880] [client ::1:53539] PHP Warning:  A non-numeric value encountered in C:\\xampp\\htdocs\\Simplecalculator.php on line 10, referer: http://localhost//Simplecalculator.php
[Sun Apr 03 16:04:01.021372 2022] [php7:warn] [pid 19712:tid 1880] [client ::1:53539] PHP Warning:  A non-numeric value encountered in C:\\xampp\\htdocs\\Simplecalculator.php on line 12, referer: http://localhost//Simplecalculator.php
[Sun Apr 03 16:04:01.021372 2022] [php7:warn] [pid 19712:tid 1880] [client ::1:53539] PHP Warning:  A non-numeric value encountered in C:\\xampp\\htdocs\\Simplecalculator.php on line 12, referer: http://localhost//Simplecalculator.php
[Sun Apr 03 16:04:01.538768 2022] [php7:warn] [pid 19712:tid 1880] [client ::1:53539] PHP Warning:  A non-numeric value encountered in C:\\xampp\\htdocs\\Simplecalculator.php on line 14, referer: http://localhost//Simplecalculator.php
[Sun Apr 03 16:04:01.538768 2022] [php7:warn] [pid 19712:tid 1880] [client ::1:53539] PHP Warning:  A non-numeric value encountered in C:\\xampp\\htdocs\\Simplecalculator.php on line 14, referer: http://localhost//Simplecalculator.php
[Sun Apr 03 16:04:01.539738 2022] [php7:warn] [pid 19712:tid 1880] [client ::1:53539] PHP Warning:  Division by zero in C:\\xampp\\htdocs\\Simplecalculator.php on line 14, referer: http://localhost//Simplecalculator.php
[Sun Apr 03 16:04:02.237431 2022] [php7:warn] [pid 19712:tid 1880] [client ::1:53539] PHP Warning:  A non-numeric value encountered in C:\\xampp\\htdocs\\Simplecalculator.php on line 12, referer: http://localhost//Simplecalculator.php
[Sun Apr 03 16:04:02.237431 2022] [php7:warn] [pid 19712:tid 1880] [client ::1:53539] PHP Warning:  A non-numeric value encountered in C:\\xampp\\htdocs\\Simplecalculator.php on line 12, referer: http://localhost//Simplecalculator.php
[Sun Apr 03 16:04:03.006449 2022] [php7:warn] [pid 19712:tid 1880] [client ::1:53539] PHP Warning:  A non-numeric value encountered in C:\\xampp\\htdocs\\Simplecalculator.php on line 10, referer: http://localhost//Simplecalculator.php
[Sun Apr 03 16:04:03.006449 2022] [php7:warn] [pid 19712:tid 1880] [client ::1:53539] PHP Warning:  A non-numeric value encountered in C:\\xampp\\htdocs\\Simplecalculator.php on line 10, referer: http://localhost//Simplecalculator.php
[Sun Apr 03 16:04:03.627533 2022] [php7:warn] [pid 19712:tid 1880] [client ::1:53539] PHP Warning:  A non-numeric value encountered in C:\\xampp\\htdocs\\Simplecalculator.php on line 8, referer: http://localhost//Simplecalculator.php
[Sun Apr 03 16:04:03.627533 2022] [php7:warn] [pid 19712:tid 1880] [client ::1:53539] PHP Warning:  A non-numeric value encountered in C:\\xampp\\htdocs\\Simplecalculator.php on line 8, referer: http://localhost//Simplecalculator.php
[Sun Apr 03 16:04:04.168309 2022] [php7:warn] [pid 19712:tid 1880] [client ::1:53539] PHP Warning:  A non-numeric value encountered in C:\\xampp\\htdocs\\Simplecalculator.php on line 10, referer: http://localhost//Simplecalculator.php
[Sun Apr 03 16:04:04.169330 2022] [php7:warn] [pid 19712:tid 1880] [client ::1:53539] PHP Warning:  A non-numeric value encountered in C:\\xampp\\htdocs\\Simplecalculator.php on line 10, referer: http://localhost//Simplecalculator.php
[Sun Apr 03 16:14:17.699870 2022] [php7:notice] [pid 19712:tid 1880] [client ::1:60568] PHP Notice:  Undefined variable: ans in C:\\xampp\\htdocs\\pages\\2.php on line 133
[Sun Apr 03 16:15:59.639835 2022] [php7:notice] [pid 19712:tid 1880] [client ::1:60582] PHP Notice:  Undefined variable: ans in C:\\xampp\\htdocs\\pages\\2.php on line 133, referer: http://localhost//pages/1.php
[Sun Apr 03 16:18:49.222535 2022] [php7:notice] [pid 19712:tid 1876] [client ::1:60610] PHP Notice:  Undefined variable: ans in C:\\xampp\\htdocs\\pages\\2.php on line 133, referer: http://localhost//pages/1.php
[Sun Apr 03 16:18:50.606540 2022] [php7:notice] [pid 19712:tid 1876] [client ::1:60610] PHP Notice:  Undefined variable: ans in C:\\xampp\\htdocs\\pages\\2.php on line 133, referer: http://localhost//pages/2.php
[Sun Apr 03 16:18:56.090380 2022] [php7:notice] [pid 19712:tid 1876] [client ::1:60610] PHP Notice:  Undefined variable: ans in C:\\xampp\\htdocs\\pages\\2.php on line 133, referer: http://localhost//pages/3.php
[Sun Apr 03 16:18:57.440257 2022] [php7:notice] [pid 19712:tid 1876] [client ::1:60610] PHP Notice:  Undefined variable: ans in C:\\xampp\\htdocs\\pages\\2.php on line 133, referer: http://localhost//pages/2.php
[Sun Apr 03 16:20:01.204734 2022] [php7:notice] [pid 19712:tid 1880] [client ::1:60622] PHP Notice:  Undefined variable: ans in C:\\xampp\\htdocs\\pages\\2.php on line 146, referer: http://localhost//pages/2.php
[Sun Apr 03 16:21:18.896178 2022] [php7:warn] [pid 19712:tid 1880] [client ::1:60635] PHP Warning:  A non-numeric value encountered in C:\\xampp\\htdocs\\pages\\2.php on line 126, referer: http://localhost//pages/2.php
[Sun Apr 03 16:21:18.896178 2022] [php7:warn] [pid 19712:tid 1880] [client ::1:60635] PHP Warning:  A non-numeric value encountered in C:\\xampp\\htdocs\\pages\\2.php on line 126, referer: http://localhost//pages/2.php
[Sun Apr 03 16:21:49.005284 2022] [php7:warn] [pid 19712:tid 1876] [client ::1:60642] PHP Warning:  A non-numeric value encountered in C:\\xampp\\htdocs\\pages\\2.php on line 126, referer: http://localhost//pages/2.php
[Sun Apr 03 16:21:49.005284 2022] [php7:warn] [pid 19712:tid 1876] [client ::1:60642] PHP Warning:  A non-numeric value encountered in C:\\xampp\\htdocs\\pages\\2.php on line 126, referer: http://localhost//pages/2.php
[Sun Apr 03 16:30:23.913076 2022] [php7:notice] [pid 19712:tid 1880] [client ::1:60840] PHP Notice:  Undefined variable: ans in C:\\xampp\\htdocs\\pages\\2.php on line 147, referer: http://localhost//index.php
[Sun Apr 03 16:30:44.970165 2022] [php7:notice] [pid 19712:tid 1876] [client ::1:60845] PHP Notice:  Undefined variable: ans in C:\\xampp\\htdocs\\pages\\2.php on line 147, referer: http://localhost//index.php
[Sun Apr 03 16:32:03.768184 2022] [php7:notice] [pid 19712:tid 1876] [client ::1:60860] PHP Notice:  Undefined variable: ans in C:\\xampp\\htdocs\\pages\\2.php on line 148, referer: http://localhost//index.php
[Sun Apr 03 16:35:58.476725 2022] [php7:notice] [pid 19712:tid 1876] [client ::1:60960] PHP Notice:  Undefined variable: ans in C:\\xampp\\htdocs\\pages\\2.php on line 148, referer: http://localhost//index.php
[Sun Apr 03 16:36:04.272077 2022] [php7:notice] [pid 19712:tid 1880] [client ::1:60959] PHP Notice:  Undefined variable: ans in C:\\xampp\\htdocs\\pages\\2.php on line 148, referer: http://localhost//index.php
[Sun Apr 03 16:36:05.908229 2022] [php7:notice] [pid 19712:tid 1880] [client ::1:60959] PHP Notice:  Undefined variable: ans in C:\\xampp\\htdocs\\pages\\2.php on line 148, referer: http://localhost//pages/2.php
[Sun Apr 03 16:38:06.760252 2022] [php7:notice] [pid 19712:tid 1876] [client ::1:61017] PHP Notice:  Undefined variable: ans in C:\\xampp\\htdocs\\pages\\2.php on line 148, referer: http://localhost//pages/2.php
[Sun Apr 03 16:38:22.921371 2022] [php7:notice] [pid 19712:tid 1880] [client ::1:61018] PHP Notice:  Undefined variable: ans in C:\\xampp\\htdocs\\pages\\2.php on line 148, referer: http://localhost//pages/2.php
[Sun Apr 03 16:38:23.694371 2022] [php7:notice] [pid 19712:tid 1880] [client ::1:61018] PHP Notice:  Undefined variable: ans in C:\\xampp\\htdocs\\pages\\2.php on line 148, referer: http://localhost//pages/2.php
[Sun Apr 03 16:40:41.456738 2022] [php7:notice] [pid 19712:tid 1880] [client ::1:61047] PHP Notice:  Undefined variable: ans in C:\\xampp\\htdocs\\pages\\2.php on line 148, referer: http://localhost//index.php
[Sun Apr 03 16:46:26.392439 2022] [php7:notice] [pid 19712:tid 1876] [client ::1:61208] PHP Notice:  Undefined variable: ans in C:\\xampp\\htdocs\\pages\\2.php on line 147, referer: http://localhost//index.php
[Sun Apr 03 16:46:49.336521 2022] [php7:notice] [pid 19712:tid 1880] [client ::1:61209] PHP Notice:  Undefined variable: ans in C:\\xampp\\htdocs\\pages\\2.php on line 148, referer: http://localhost//index.php
[Sun Apr 03 16:48:07.997913 2022] [php7:notice] [pid 19712:tid 1876] [client ::1:61255] PHP Notice:  Undefined variable: ans in C:\\xampp\\htdocs\\pages\\2.php on line 147, referer: http://localhost//index.php
[Tue Apr 05 16:54:16.779175 2022] [ssl:warn] [pid 1248:tid 464] AH01909: www.example.com:443:0 server certificate does NOT include an ID which matches the server name
[Tue Apr 05 16:54:16.816076 2022] [core:warn] [pid 1248:tid 464] AH00098: pid file C:/xampp/apache/logs/httpd.pid overwritten -- Unclean shutdown of previous Apache run?
[Tue Apr 05 16:54:16.818071 2022] [ssl:warn] [pid 1248:tid 464] AH01909: www.example.com:443:0 server certificate does NOT include an ID which matches the server name
[Tue Apr 05 16:54:18.452314 2022] [mpm_winnt:notice] [pid 1248:tid 464] AH00455: Apache/2.4.53 (Win64) OpenSSL/1.1.1n PHP/7.4.28 configured -- resuming normal operations
[Tue Apr 05 16:54:18.452314 2022] [mpm_winnt:notice] [pid 1248:tid 464] AH00456: Apache Lounge VC15 Server built: Mar 16 2022 15:48:38
[Tue Apr 05 16:54:18.452314 2022] [core:notice] [pid 1248:tid 464] AH00094: Command line: 'c:\\xampp\\apache\\bin\\httpd.exe -d C:/xampp/apache'
[Tue Apr 05 16:54:18.591176 2022] [mpm_winnt:notice] [pid 1248:tid 464] AH00418: Parent: Created child process 14636
[Tue Apr 05 16:54:19.524593 2022] [ssl:warn] [pid 14636:tid 372] AH01909: www.example.com:443:0 server certificate does NOT include an ID which matches the server name
[Tue Apr 05 16:54:19.559043 2022] [ssl:warn] [pid 14636:tid 372] AH01909: www.example.com:443:0 server certificate does NOT include an ID which matches the server name
[Tue Apr 05 16:54:19.585975 2022] [mpm_winnt:notice] [pid 14636:tid 372] AH00354: Child: Starting 150 worker threads.
[Tue Apr 05 17:15:27.434597 2022] [ssl:warn] [pid 8788:tid 524] AH01909: www.example.com:443:0 server certificate does NOT include an ID which matches the server name
[Tue Apr 05 17:15:27.475610 2022] [core:warn] [pid 8788:tid 524] AH00098: pid file C:/xampp/apache/logs/httpd.pid overwritten -- Unclean shutdown of previous Apache run?
[Tue Apr 05 17:15:27.477605 2022] [ssl:warn] [pid 8788:tid 524] AH01909: www.example.com:443:0 server certificate does NOT include an ID which matches the server name
[Tue Apr 05 17:15:27.514671 2022] [mpm_winnt:notice] [pid 8788:tid 524] AH00455: Apache/2.4.53 (Win64) OpenSSL/1.1.1n PHP/7.4.28 configured -- resuming normal operations
[Tue Apr 05 17:15:27.514671 2022] [mpm_winnt:notice] [pid 8788:tid 524] AH00456: Apache Lounge VC15 Server built: Mar 16 2022 15:48:38
[Tue Apr 05 17:15:27.514671 2022] [core:notice] [pid 8788:tid 524] AH00094: Command line: 'c:\\xampp\\apache\\bin\\httpd.exe -d C:/xampp/apache'
[Tue Apr 05 17:15:27.661962 2022] [mpm_winnt:notice] [pid 8788:tid 524] AH00418: Parent: Created child process 19360
[Tue Apr 05 17:15:28.593324 2022] [ssl:warn] [pid 19360:tid 424] AH01909: www.example.com:443:0 server certificate does NOT include an ID which matches the server name
[Tue Apr 05 17:15:28.635495 2022] [ssl:warn] [pid 19360:tid 424] AH01909: www.example.com:443:0 server certificate does NOT include an ID which matches the server name
[Tue Apr 05 17:15:28.666413 2022] [mpm_winnt:notice] [pid 19360:tid 424] AH00354: Child: Starting 150 worker threads.
[Tue Apr 05 17:17:03.201403 2022] [ssl:warn] [pid 16488:tid 440] AH01909: www.example.com:443:0 server certificate does NOT include an ID which matches the server name
[Tue Apr 05 17:17:03.239344 2022] [core:warn] [pid 16488:tid 440] AH00098: pid file C:/xampp/apache/logs/httpd.pid overwritten -- Unclean shutdown of previous Apache run?
[Tue Apr 05 17:17:03.242294 2022] [ssl:warn] [pid 16488:tid 440] AH01909: www.example.com:443:0 server certificate does NOT include an ID which matches the server name
[Tue Apr 05 17:17:03.268225 2022] [mpm_winnt:notice] [pid 16488:tid 440] AH00455: Apache/2.4.53 (Win64) OpenSSL/1.1.1n PHP/7.4.28 configured -- resuming normal operations
[Tue Apr 05 17:17:03.268225 2022] [mpm_winnt:notice] [pid 16488:tid 440] AH00456: Apache Lounge VC15 Server built: Mar 16 2022 15:48:38
[Tue Apr 05 17:17:03.268225 2022] [core:notice] [pid 16488:tid 440] AH00094: Command line: 'c:\\xampp\\apache\\bin\\httpd.exe -d C:/xampp/apache'
[Tue Apr 05 17:17:03.396419 2022] [mpm_winnt:notice] [pid 16488:tid 440] AH00418: Parent: Created child process 19208
[Tue Apr 05 17:17:04.317710 2022] [ssl:warn] [pid 19208:tid 428] AH01909: www.example.com:443:0 server certificate does NOT include an ID which matches the server name
[Tue Apr 05 17:17:04.354611 2022] [ssl:warn] [pid 19208:tid 428] AH01909: www.example.com:443:0 server certificate does NOT include an ID which matches the server name
[Tue Apr 05 17:17:04.379532 2022] [mpm_winnt:notice] [pid 19208:tid 428] AH00354: Child: Starting 150 worker threads.
[Tue Apr 05 17:19:40.411885 2022] [ssl:warn] [pid 13292:tid 420] AH01909: www.example.com:443:0 server certificate does NOT include an ID which matches the server name
[Tue Apr 05 17:19:40.448824 2022] [core:warn] [pid 13292:tid 420] AH00098: pid file C:/xampp/apache/logs/httpd.pid overwritten -- Unclean shutdown of previous Apache run?
[Tue Apr 05 17:19:40.451821 2022] [ssl:warn] [pid 13292:tid 420] AH01909: www.example.com:443:0 server certificate does NOT include an ID which matches the server name
[Tue Apr 05 17:19:40.474757 2022] [mpm_winnt:notice] [pid 13292:tid 420] AH00455: Apache/2.4.53 (Win64) OpenSSL/1.1.1n PHP/7.4.28 configured -- resuming normal operations
[Tue Apr 05 17:19:40.474757 2022] [mpm_winnt:notice] [pid 13292:tid 420] AH00456: Apache Lounge VC15 Server built: Mar 16 2022 15:48:38
[Tue Apr 05 17:19:40.474757 2022] [core:notice] [pid 13292:tid 420] AH00094: Command line: 'c:\\xampp\\apache\\bin\\httpd.exe -d C:/xampp/apache'
[Tue Apr 05 17:19:40.606686 2022] [mpm_winnt:notice] [pid 13292:tid 420] AH00418: Parent: Created child process 13928
[Tue Apr 05 17:19:41.578079 2022] [ssl:warn] [pid 13928:tid 512] AH01909: www.example.com:443:0 server certificate does NOT include an ID which matches the server name
[Tue Apr 05 17:19:41.611667 2022] [ssl:warn] [pid 13928:tid 512] AH01909: www.example.com:443:0 server certificate does NOT include an ID which matches the server name
[Tue Apr 05 17:19:41.639592 2022] [mpm_winnt:notice] [pid 13928:tid 512] AH00354: Child: Starting 150 worker threads.
[Tue Apr 05 20:38:02.654123 2022] [ssl:warn] [pid 8732:tid 420] AH01909: www.example.com:443:0 server certificate does NOT include an ID which matches the server name
[Tue Apr 05 20:38:02.705414 2022] [core:warn] [pid 8732:tid 420] AH00098: pid file C:/xampp/apache/logs/httpd.pid overwritten -- Unclean shutdown of previous Apache run?
[Tue Apr 05 20:38:02.705414 2022] [ssl:warn] [pid 8732:tid 420] AH01909: www.example.com:443:0 server certificate does NOT include an ID which matches the server name
[Tue Apr 05 20:38:05.861055 2022] [mpm_winnt:notice] [pid 8732:tid 420] AH00455: Apache/2.4.53 (Win64) OpenSSL/1.1.1n PHP/7.4.28 configured -- resuming normal operations
[Tue Apr 05 20:38:05.861055 2022] [mpm_winnt:notice] [pid 8732:tid 420] AH00456: Apache Lounge VC15 Server built: Mar 16 2022 15:48:38
[Tue Apr 05 20:38:05.861055 2022] [core:notice] [pid 8732:tid 420] AH00094: Command line: 'c:\\xampp\\apache\\bin\\httpd.exe -d C:/xampp/apache'
[Tue Apr 05 20:38:06.033943 2022] [mpm_winnt:notice] [pid 8732:tid 420] AH00418: Parent: Created child process 16116
[Tue Apr 05 20:38:06.538068 2022] [ssl:warn] [pid 16116:tid 424] AH01909: www.example.com:443:0 server certificate does NOT include an ID which matches the server name
[Tue Apr 05 20:38:06.586049 2022] [ssl:warn] [pid 16116:tid 424] AH01909: www.example.com:443:0 server certificate does NOT include an ID which matches the server name
[Tue Apr 05 20:38:06.618014 2022] [mpm_winnt:notice] [pid 16116:tid 424] AH00354: Child: Starting 150 worker threads.
[Tue Apr 05 21:11:14.294472 2022] [php7:notice] [pid 16116:tid 1880] [client ::1:63959] PHP Notice:  Undefined index: action in C:\\xampp\\htdocs\\pages\\1.php on line 114, referer: http://localhost//pages/1.php
[Tue Apr 05 21:11:20.316202 2022] [php7:notice] [pid 16116:tid 1876] [client ::1:63958] PHP Notice:  Undefined index: action in C:\\xampp\\htdocs\\pages\\1.php on line 114, referer: http://localhost//pages/1.php?D4=&D6=&D8=&D10=&D12=&D20=
[Tue Apr 05 21:11:53.209596 2022] [php7:notice] [pid 16116:tid 1880] [client ::1:63964] PHP Notice:  Undefined index: action in C:\\xampp\\htdocs\\pages\\1.php on line 113, referer: http://localhost//pages/1.php?D4=&D6=&D8=&D10=&D12=&D20=
[Tue Apr 05 21:12:59.610215 2022] [php7:notice] [pid 16116:tid 1876] [client ::1:63987] PHP Notice:  Undefined index: action in C:\\xampp\\htdocs\\pages\\1.php on line 113, referer: http://localhost//pages/1.php?D4=&D6=&D8=&D10=&D12=&D20=
[Tue Apr 05 21:13:03.011722 2022] [php7:notice] [pid 16116:tid 1876] [client ::1:63987] PHP Notice:  Undefined index: action in C:\\xampp\\htdocs\\pages\\1.php on line 113, referer: http://localhost//pages/1.php?D4=&D6=&D8=&D10=&D12=&D20=
[Tue Apr 05 21:13:04.789111 2022] [php7:notice] [pid 16116:tid 1876] [client ::1:63987] PHP Notice:  Undefined index: action in C:\\xampp\\htdocs\\pages\\1.php on line 113, referer: http://localhost//pages/3.php
[Tue Apr 05 21:13:46.558671 2022] [php7:notice] [pid 16116:tid 1880] [client ::1:63988] PHP Notice:  Undefined index: action in C:\\xampp\\htdocs\\pages\\1.php on line 113, referer: http://localhost//pages/3.php
[Tue Apr 05 21:13:47.349266 2022] [php7:notice] [pid 16116:tid 1880] [client ::1:63988] PHP Notice:  Undefined index: action in C:\\xampp\\htdocs\\pages\\1.php on line 113, referer: http://localhost//pages/3.php
[Tue Apr 05 21:13:47.960252 2022] [php7:notice] [pid 16116:tid 1880] [client ::1:63988] PHP Notice:  Undefined index: action in C:\\xampp\\htdocs\\pages\\1.php on line 113, referer: http://localhost//pages/3.php
[Tue Apr 05 21:13:48.493977 2022] [php7:notice] [pid 16116:tid 1880] [client ::1:63988] PHP Notice:  Undefined index: action in C:\\xampp\\htdocs\\pages\\1.php on line 113, referer: http://localhost//pages/3.php
[Tue Apr 05 21:13:48.735725 2022] [php7:notice] [pid 16116:tid 1880] [client ::1:63988] PHP Notice:  Undefined index: action in C:\\xampp\\htdocs\\pages\\1.php on line 113, referer: http://localhost//pages/3.php
[Tue Apr 05 21:15:28.629196 2022] [php7:notice] [pid 16116:tid 1880] [client ::1:64020] PHP Notice:  Undefined index: D in C:\\xampp\\htdocs\\pages\\1.php on line 113, referer: http://localhost//pages/3.php
[Tue Apr 05 21:15:29.519275 2022] [php7:notice] [pid 16116:tid 1880] [client ::1:64020] PHP Notice:  Undefined index: D in C:\\xampp\\htdocs\\pages\\1.php on line 113, referer: http://localhost//pages/3.php
[Tue Apr 05 21:17:20.933486 2022] [php7:notice] [pid 16116:tid 1876] [client ::1:64065] PHP Notice:  Undefined index: dice in C:\\xampp\\htdocs\\pages\\1.php on line 114, referer: http://localhost//pages/1.php
[Tue Apr 05 21:21:57.084370 2022] [php7:notice] [pid 16116:tid 1876] [client ::1:51877] PHP Notice:  Undefined index: D4 in C:\\xampp\\htdocs\\pages\\1.php on line 114, referer: http://localhost//pages/1.php
[Tue Apr 05 21:21:57.827550 2022] [php7:notice] [pid 16116:tid 1876] [client ::1:51877] PHP Notice:  Undefined index: D4 in C:\\xampp\\htdocs\\pages\\1.php on line 114, referer: http://localhost//pages/1.php
[Tue Apr 05 21:33:48.988670 2022] [php7:error] [pid 16116:tid 1880] [client ::1:51986] PHP Parse error:  syntax error, unexpected '}', expecting ';' or ',' in C:\\xampp\\htdocs\\pages\\1.php on line 180, referer: http://localhost//pages/1.php
[Tue Apr 05 21:48:07.842621 2022] [php7:notice] [pid 16116:tid 1880] [client ::1:52256] PHP Notice:  Undefined index: D4 in C:\\xampp\\htdocs\\pages\\1.php on line 110, referer: http://localhost//pages/2.php
[Tue Apr 05 21:48:07.842621 2022] [php7:notice] [pid 16116:tid 1880] [client ::1:52256] PHP Notice:  Undefined index: D6 in C:\\xampp\\htdocs\\pages\\1.php on line 123, referer: http://localhost//pages/2.php
[Tue Apr 05 21:48:07.842621 2022] [php7:notice] [pid 16116:tid 1880] [client ::1:52256] PHP Notice:  Undefined index: D8 in C:\\xampp\\htdocs\\pages\\1.php on line 135, referer: http://localhost//pages/2.php
[Tue Apr 05 21:48:07.842621 2022] [php7:notice] [pid 16116:tid 1880] [client ::1:52256] PHP Notice:  Undefined index: D10 in C:\\xampp\\htdocs\\pages\\1.php on line 146, referer: http://localhost//pages/2.php
[Tue Apr 05 21:48:07.842621 2022] [php7:notice] [pid 16116:tid 1880] [client ::1:52256] PHP Notice:  Undefined index: D12 in C:\\xampp\\htdocs\\pages\\1.php on line 157, referer: http://localhost//pages/2.php
[Tue Apr 05 21:48:15.101982 2022] [php7:notice] [pid 16116:tid 1876] [client ::1:52257] PHP Notice:  Undefined index: D4 in C:\\xampp\\htdocs\\pages\\1.php on line 110, referer: http://localhost//pages/1.php
[Tue Apr 05 21:48:15.102985 2022] [php7:notice] [pid 16116:tid 1876] [client ::1:52257] PHP Notice:  Undefined index: D6 in C:\\xampp\\htdocs\\pages\\1.php on line 123, referer: http://localhost//pages/1.php
[Tue Apr 05 21:48:15.103976 2022] [php7:notice] [pid 16116:tid 1876] [client ::1:52257] PHP Notice:  Undefined index: D8 in C:\\xampp\\htdocs\\pages\\1.php on line 135, referer: http://localhost//pages/1.php
[Tue Apr 05 21:48:15.103976 2022] [php7:notice] [pid 16116:tid 1876] [client ::1:52257] PHP Notice:  Undefined index: D10 in C:\\xampp\\htdocs\\pages\\1.php on line 146, referer: http://localhost//pages/1.php
[Tue Apr 05 21:48:15.103976 2022] [php7:notice] [pid 16116:tid 1876] [client ::1:52257] PHP Notice:  Undefined index: D12 in C:\\xampp\\htdocs\\pages\\1.php on line 157, referer: http://localhost//pages/1.php
[Tue Apr 05 21:48:15.800856 2022] [php7:notice] [pid 16116:tid 1876] [client ::1:52257] PHP Notice:  Undefined index: D4 in C:\\xampp\\htdocs\\pages\\1.php on line 110, referer: http://localhost//pages/1.php
[Tue Apr 05 21:48:15.800856 2022] [php7:notice] [pid 16116:tid 1876] [client ::1:52257] PHP Notice:  Undefined index: D6 in C:\\xampp\\htdocs\\pages\\1.php on line 123, referer: http://localhost//pages/1.php
[Tue Apr 05 21:48:15.800856 2022] [php7:notice] [pid 16116:tid 1876] [client ::1:52257] PHP Notice:  Undefined index: D8 in C:\\xampp\\htdocs\\pages\\1.php on line 135, referer: http://localhost//pages/1.php
[Tue Apr 05 21:48:15.800856 2022] [php7:notice] [pid 16116:tid 1876] [client ::1:52257] PHP Notice:  Undefined index: D10 in C:\\xampp\\htdocs\\pages\\1.php on line 146, referer: http://localhost//pages/1.php
[Tue Apr 05 21:48:15.800856 2022] [php7:notice] [pid 16116:tid 1876] [client ::1:52257] PHP Notice:  Undefined index: D12 in C:\\xampp\\htdocs\\pages\\1.php on line 157, referer: http://localhost//pages/1.php
[Tue Apr 05 21:48:16.840518 2022] [php7:notice] [pid 16116:tid 1876] [client ::1:52257] PHP Notice:  Undefined index: D4 in C:\\xampp\\htdocs\\pages\\1.php on line 110, referer: http://localhost//pages/2.php
[Tue Apr 05 21:48:16.840518 2022] [php7:notice] [pid 16116:tid 1876] [client ::1:52257] PHP Notice:  Undefined index: D6 in C:\\xampp\\htdocs\\pages\\1.php on line 123, referer: http://localhost//pages/2.php
[Tue Apr 05 21:48:16.840518 2022] [php7:notice] [pid 16116:tid 1876] [client ::1:52257] PHP Notice:  Undefined index: D8 in C:\\xampp\\htdocs\\pages\\1.php on line 135, referer: http://localhost//pages/2.php
[Tue Apr 05 21:48:16.840518 2022] [php7:notice] [pid 16116:tid 1876] [client ::1:52257] PHP Notice:  Undefined index: D10 in C:\\xampp\\htdocs\\pages\\1.php on line 146, referer: http://localhost//pages/2.php
[Tue Apr 05 21:48:16.840518 2022] [php7:notice] [pid 16116:tid 1876] [client ::1:52257] PHP Notice:  Undefined index: D12 in C:\\xampp\\htdocs\\pages\\1.php on line 157, referer: http://localhost//pages/2.php
[Wed Apr 06 11:50:59.018138 2022] [ssl:warn] [pid 6960:tid 456] AH01909: www.example.com:443:0 server certificate does NOT include an ID which matches the server name
[Wed Apr 06 11:50:59.057760 2022] [core:warn] [pid 6960:tid 456] AH00098: pid file C:/xampp/apache/logs/httpd.pid overwritten -- Unclean shutdown of previous Apache run?
[Wed Apr 06 11:50:59.059753 2022] [ssl:warn] [pid 6960:tid 456] AH01909: www.example.com:443:0 server certificate does NOT include an ID which matches the server name
[Wed Apr 06 11:51:00.519145 2022] [mpm_winnt:notice] [pid 6960:tid 456] AH00455: Apache/2.4.53 (Win64) OpenSSL/1.1.1n PHP/7.4.28 configured -- resuming normal operations
[Wed Apr 06 11:51:00.519145 2022] [mpm_winnt:notice] [pid 6960:tid 456] AH00456: Apache Lounge VC15 Server built: Mar 16 2022 15:48:38
[Wed Apr 06 11:51:00.519145 2022] [core:notice] [pid 6960:tid 456] AH00094: Command line: 'c:\\xampp\\apache\\bin\\httpd.exe -d C:/xampp/apache'
[Wed Apr 06 11:51:00.644851 2022] [mpm_winnt:notice] [pid 6960:tid 456] AH00418: Parent: Created child process 6024
[Wed Apr 06 11:51:01.057727 2022] [ssl:warn] [pid 6024:tid 420] AH01909: www.example.com:443:0 server certificate does NOT include an ID which matches the server name
[Wed Apr 06 11:51:01.089469 2022] [ssl:warn] [pid 6024:tid 420] AH01909: www.example.com:443:0 server certificate does NOT include an ID which matches the server name
[Wed Apr 06 11:51:01.114222 2022] [mpm_winnt:notice] [pid 6024:tid 420] AH00354: Child: Starting 150 worker threads.
