2022-03-30 16:16:21 0 [Note] InnoDB: Mutexes and rw_locks use Windows interlocked functions
2022-03-30 16:16:21 0 [Note] InnoDB: Uses event mutexes
2022-03-30 16:16:21 0 [Note] InnoDB: Compressed tables use zlib 1.2.11
2022-03-30 16:16:21 0 [Note] InnoDB: Number of pools: 1
2022-03-30 16:16:21 0 [Note] InnoDB: Using SSE2 crc32 instructions
2022-03-30 16:16:21 0 [Note] InnoDB: Initializing buffer pool, total size = 16M, instances = 1, chunk size = 16M
2022-03-30 16:16:21 0 [Note] InnoDB: Completed initialization of buffer pool
2022-03-30 16:16:21 0 [Note] InnoDB: Starting crash recovery from checkpoint LSN=300288
2022-03-30 16:16:21 0 [Note] InnoDB: 128 out of 128 rollback segments are active.
2022-03-30 16:16:21 0 [Note] InnoDB: Removed temporary tablespace data file: "ibtmp1"
2022-03-30 16:16:21 0 [Note] InnoDB: Creating shared tablespace for temporary tables
2022-03-30 16:16:21 0 [Note] InnoDB: Setting file 'C:\xampp\mysql\data\ibtmp1' size to 12 MB. Physically writing the file full; Please wait ...
2022-03-30 16:16:21 0 [Note] InnoDB: File 'C:\xampp\mysql\data\ibtmp1' size is now 12 MB.
2022-03-30 16:16:21 0 [Note] InnoDB: Waiting for purge to start
2022-03-30 16:16:21 0 [Note] InnoDB: 10.4.24 started; log sequence number 300297; transaction id 170
2022-03-30 16:16:21 0 [Note] InnoDB: Loading buffer pool(s) from C:\xampp\mysql\data\ib_buffer_pool
2022-03-30 16:16:21 0 [Note] Plugin 'FEEDBACK' is disabled.
2022-03-30 16:16:21 0 [Note] Server socket created on IP: '::'.
2022-03-30 16:16:21 0 [Note] InnoDB: Buffer pool(s) load completed at 220330 16:16:21
2022-03-30 16:16:21 0 [Note] Reading of all Master_info entries succeeded
2022-03-30 16:16:21 0 [Note] Added new Master_info '' to hash table
2022-03-30 16:16:21 0 [Note] mysql\bin\mysqld.exe: ready for connections.
Version: '10.4.24-MariaDB'  socket: ''  port: 3306  mariadb.org binary distribution
2022-03-31 19:00:12 0 [Note] InnoDB: Mutexes and rw_locks use Windows interlocked functions
2022-03-31 19:00:12 0 [Note] InnoDB: Uses event mutexes
2022-03-31 19:00:12 0 [Note] InnoDB: Compressed tables use zlib 1.2.11
2022-03-31 19:00:12 0 [Note] InnoDB: Number of pools: 1
2022-03-31 19:00:12 0 [Note] InnoDB: Using SSE2 crc32 instructions
2022-03-31 19:00:12 0 [Note] InnoDB: Initializing buffer pool, total size = 16M, instances = 1, chunk size = 16M
2022-03-31 19:00:12 0 [Note] InnoDB: Completed initialization of buffer pool
2022-03-31 19:00:12 0 [Note] InnoDB: Starting crash recovery from checkpoint LSN=300306
2022-03-31 19:00:13 0 [Note] InnoDB: 128 out of 128 rollback segments are active.
2022-03-31 19:00:13 0 [Note] InnoDB: Removed temporary tablespace data file: "ibtmp1"
2022-03-31 19:00:13 0 [Note] InnoDB: Creating shared tablespace for temporary tables
2022-03-31 19:00:13 0 [Note] InnoDB: Setting file 'C:\xampp\mysql\data\ibtmp1' size to 12 MB. Physically writing the file full; Please wait ...
2022-03-31 19:00:13 0 [Note] InnoDB: File 'C:\xampp\mysql\data\ibtmp1' size is now 12 MB.
2022-03-31 19:00:13 0 [Note] InnoDB: Waiting for purge to start
2022-03-31 19:00:13 0 [Note] InnoDB: 10.4.24 started; log sequence number 300315; transaction id 170
2022-03-31 19:00:13 0 [Note] InnoDB: Loading buffer pool(s) from C:\xampp\mysql\data\ib_buffer_pool
2022-03-31 19:00:13 0 [Note] Plugin 'FEEDBACK' is disabled.
2022-03-31 19:00:13 0 [Note] Server socket created on IP: '::'.
2022-04-03 15:53:46 0 [Note] InnoDB: Mutexes and rw_locks use Windows interlocked functions
2022-04-03 15:53:46 0 [Note] InnoDB: Uses event mutexes
2022-04-03 15:53:46 0 [Note] InnoDB: Compressed tables use zlib 1.2.11
2022-04-03 15:53:46 0 [Note] InnoDB: Number of pools: 1
2022-04-03 15:53:46 0 [Note] InnoDB: Using SSE2 crc32 instructions
2022-04-03 15:53:46 0 [Note] InnoDB: Initializing buffer pool, total size = 16M, instances = 1, chunk size = 16M
2022-04-03 15:53:46 0 [Note] InnoDB: Completed initialization of buffer pool
2022-04-03 15:53:46 0 [Note] InnoDB: Starting crash recovery from checkpoint LSN=323966
2022-04-03 15:53:46 0 [Note] InnoDB: 128 out of 128 rollback segments are active.
2022-04-03 15:53:46 0 [Note] InnoDB: Removed temporary tablespace data file: "ibtmp1"
2022-04-03 15:53:46 0 [Note] InnoDB: Creating shared tablespace for temporary tables
2022-04-03 15:53:46 0 [Note] InnoDB: Setting file 'C:\xampp\mysql\data\ibtmp1' size to 12 MB. Physically writing the file full; Please wait ...
2022-04-03 15:53:46 0 [Note] InnoDB: File 'C:\xampp\mysql\data\ibtmp1' size is now 12 MB.
2022-04-03 15:53:46 0 [Note] InnoDB: Waiting for purge to start
2022-04-03 15:53:46 0 [Note] InnoDB: 10.4.24 started; log sequence number 323975; transaction id 253
2022-04-03 15:53:46 0 [Note] InnoDB: Loading buffer pool(s) from C:\xampp\mysql\data\ib_buffer_pool
2022-04-03 15:53:46 0 [Note] Plugin 'FEEDBACK' is disabled.
2022-04-03 15:53:46 0 [Note] InnoDB: Buffer pool(s) load completed at 220403 15:53:46
2022-04-03 15:53:46 0 [Note] Server socket created on IP: '::'.
2022-04-05 16:54:09 0 [Note] InnoDB: Mutexes and rw_locks use Windows interlocked functions
2022-04-05 16:54:09 0 [Note] InnoDB: Uses event mutexes
2022-04-05 16:54:09 0 [Note] InnoDB: Compressed tables use zlib 1.2.11
2022-04-05 16:54:09 0 [Note] InnoDB: Number of pools: 1
2022-04-05 16:54:09 0 [Note] InnoDB: Using SSE2 crc32 instructions
2022-04-05 16:54:09 0 [Note] InnoDB: Initializing buffer pool, total size = 16M, instances = 1, chunk size = 16M
2022-04-05 16:54:09 0 [Note] InnoDB: Completed initialization of buffer pool
2022-04-05 16:54:09 0 [Note] InnoDB: Starting crash recovery from checkpoint LSN=323984
2022-04-05 16:54:09 0 [Note] InnoDB: 128 out of 128 rollback segments are active.
2022-04-05 16:54:09 0 [Note] InnoDB: Removed temporary tablespace data file: "ibtmp1"
2022-04-05 16:54:09 0 [Note] InnoDB: Creating shared tablespace for temporary tables
2022-04-05 16:54:09 0 [Note] InnoDB: Setting file 'C:\xampp\mysql\data\ibtmp1' size to 12 MB. Physically writing the file full; Please wait ...
2022-04-05 16:54:09 0 [Note] InnoDB: File 'C:\xampp\mysql\data\ibtmp1' size is now 12 MB.
2022-04-05 16:54:09 0 [Note] InnoDB: Waiting for purge to start
2022-04-05 16:54:09 0 [Note] InnoDB: 10.4.24 started; log sequence number 323993; transaction id 253
2022-04-05 16:54:09 0 [Note] InnoDB: Loading buffer pool(s) from C:\xampp\mysql\data\ib_buffer_pool
2022-04-05 16:54:09 0 [Note] Plugin 'FEEDBACK' is disabled.
2022-04-05 16:54:09 0 [Note] Server socket created on IP: '::'.
2022-04-05 17:15:27 0 [Note] InnoDB: Mutexes and rw_locks use Windows interlocked functions
2022-04-05 17:15:27 0 [Note] InnoDB: Uses event mutexes
2022-04-05 17:15:27 0 [Note] InnoDB: Compressed tables use zlib 1.2.11
2022-04-05 17:15:27 0 [Note] InnoDB: Number of pools: 1
2022-04-05 17:15:27 0 [Note] InnoDB: Using SSE2 crc32 instructions
2022-04-05 17:15:27 0 [Note] InnoDB: Initializing buffer pool, total size = 16M, instances = 1, chunk size = 16M
2022-04-05 17:15:27 0 [Note] InnoDB: Completed initialization of buffer pool
2022-04-05 17:15:27 0 [Note] InnoDB: Starting crash recovery from checkpoint LSN=324002
2022-04-05 17:15:27 0 [Note] InnoDB: 128 out of 128 rollback segments are active.
2022-04-05 17:15:27 0 [Note] InnoDB: Removed temporary tablespace data file: "ibtmp1"
2022-04-05 17:15:27 0 [Note] InnoDB: Creating shared tablespace for temporary tables
2022-04-05 17:15:27 0 [Note] InnoDB: Setting file 'C:\xampp\mysql\data\ibtmp1' size to 12 MB. Physically writing the file full; Please wait ...
2022-04-05 17:15:27 0 [Note] InnoDB: File 'C:\xampp\mysql\data\ibtmp1' size is now 12 MB.
2022-04-05 17:15:27 0 [Note] InnoDB: Waiting for purge to start
2022-04-05 17:15:27 0 [Note] InnoDB: 10.4.24 started; log sequence number 324011; transaction id 253
2022-04-05 17:15:27 0 [Note] InnoDB: Loading buffer pool(s) from C:\xampp\mysql\data\ib_buffer_pool
2022-04-05 17:15:27 0 [Note] Plugin 'FEEDBACK' is disabled.
2022-04-05 17:15:27 0 [Note] Server socket created on IP: '::'.
2022-04-05 17:17:03 0 [Note] InnoDB: Mutexes and rw_locks use Windows interlocked functions
2022-04-05 17:17:03 0 [Note] InnoDB: Uses event mutexes
2022-04-05 17:17:03 0 [Note] InnoDB: Compressed tables use zlib 1.2.11
2022-04-05 17:17:03 0 [Note] InnoDB: Number of pools: 1
2022-04-05 17:17:03 0 [Note] InnoDB: Using SSE2 crc32 instructions
2022-04-05 17:17:03 0 [Note] InnoDB: Initializing buffer pool, total size = 16M, instances = 1, chunk size = 16M
2022-04-05 17:17:03 0 [Note] InnoDB: Completed initialization of buffer pool
2022-04-05 17:17:03 0 [Note] InnoDB: Starting crash recovery from checkpoint LSN=324020
2022-04-05 17:17:03 0 [Note] InnoDB: 128 out of 128 rollback segments are active.
2022-04-05 17:17:03 0 [Note] InnoDB: Removed temporary tablespace data file: "ibtmp1"
2022-04-05 17:17:03 0 [Note] InnoDB: Creating shared tablespace for temporary tables
2022-04-05 17:17:03 0 [Note] InnoDB: Setting file 'C:\xampp\mysql\data\ibtmp1' size to 12 MB. Physically writing the file full; Please wait ...
2022-04-05 17:17:03 0 [Note] InnoDB: File 'C:\xampp\mysql\data\ibtmp1' size is now 12 MB.
2022-04-05 17:17:03 0 [Note] InnoDB: Waiting for purge to start
2022-04-05 17:17:03 0 [Note] InnoDB: 10.4.24 started; log sequence number 324029; transaction id 253
2022-04-05 17:17:03 0 [Note] Plugin 'FEEDBACK' is disabled.
2022-04-05 17:17:03 0 [Note] InnoDB: Loading buffer pool(s) from C:\xampp\mysql\data\ib_buffer_pool
2022-04-05 17:17:03 0 [Note] Server socket created on IP: '::'.
2022-04-05 17:19:40 0 [Note] InnoDB: Mutexes and rw_locks use Windows interlocked functions
2022-04-05 17:19:40 0 [Note] InnoDB: Uses event mutexes
2022-04-05 17:19:40 0 [Note] InnoDB: Compressed tables use zlib 1.2.11
2022-04-05 17:19:40 0 [Note] InnoDB: Number of pools: 1
2022-04-05 17:19:40 0 [Note] InnoDB: Using SSE2 crc32 instructions
2022-04-05 17:19:40 0 [Note] InnoDB: Initializing buffer pool, total size = 16M, instances = 1, chunk size = 16M
2022-04-05 17:19:40 0 [Note] InnoDB: Completed initialization of buffer pool
2022-04-05 17:19:40 0 [Note] InnoDB: Starting crash recovery from checkpoint LSN=324038
2022-04-05 17:19:40 0 [Note] InnoDB: 128 out of 128 rollback segments are active.
2022-04-05 17:19:40 0 [Note] InnoDB: Removed temporary tablespace data file: "ibtmp1"
2022-04-05 17:19:40 0 [Note] InnoDB: Creating shared tablespace for temporary tables
2022-04-05 17:19:40 0 [Note] InnoDB: Setting file 'C:\xampp\mysql\data\ibtmp1' size to 12 MB. Physically writing the file full; Please wait ...
2022-04-05 17:19:40 0 [Note] InnoDB: File 'C:\xampp\mysql\data\ibtmp1' size is now 12 MB.
2022-04-05 17:19:40 0 [Note] InnoDB: Waiting for purge to start
2022-04-05 17:19:40 0 [Note] InnoDB: 10.4.24 started; log sequence number 324047; transaction id 253
2022-04-05 17:19:40 0 [Note] InnoDB: Loading buffer pool(s) from C:\xampp\mysql\data\ib_buffer_pool
2022-04-05 17:19:40 0 [Note] Plugin 'FEEDBACK' is disabled.
2022-04-05 17:19:40 0 [Note] Server socket created on IP: '::'.
2022-04-05 20:37:54 0 [Note] InnoDB: Mutexes and rw_locks use Windows interlocked functions
2022-04-05 20:37:54 0 [Note] InnoDB: Uses event mutexes
2022-04-05 20:37:54 0 [Note] InnoDB: Compressed tables use zlib 1.2.11
2022-04-05 20:37:54 0 [Note] InnoDB: Number of pools: 1
2022-04-05 20:37:54 0 [Note] InnoDB: Using SSE2 crc32 instructions
2022-04-05 20:37:54 0 [Note] InnoDB: Initializing buffer pool, total size = 16M, instances = 1, chunk size = 16M
2022-04-05 20:37:54 0 [Note] InnoDB: Completed initialization of buffer pool
2022-04-05 20:37:54 0 [Note] InnoDB: Starting crash recovery from checkpoint LSN=324056
2022-04-05 20:37:54 0 [Note] InnoDB: 128 out of 128 rollback segments are active.
2022-04-05 20:37:54 0 [Note] InnoDB: Removed temporary tablespace data file: "ibtmp1"
2022-04-05 20:37:54 0 [Note] InnoDB: Creating shared tablespace for temporary tables
2022-04-05 20:37:54 0 [Note] InnoDB: Setting file 'C:\xampp\mysql\data\ibtmp1' size to 12 MB. Physically writing the file full; Please wait ...
2022-04-05 20:37:54 0 [Note] InnoDB: File 'C:\xampp\mysql\data\ibtmp1' size is now 12 MB.
2022-04-05 20:37:54 0 [Note] InnoDB: Waiting for purge to start
2022-04-05 20:37:54 0 [Note] InnoDB: 10.4.24 started; log sequence number 324065; transaction id 253
2022-04-05 20:37:54 0 [Note] InnoDB: Loading buffer pool(s) from C:\xampp\mysql\data\ib_buffer_pool
2022-04-05 20:37:54 0 [Note] Plugin 'FEEDBACK' is disabled.
2022-04-05 20:37:54 0 [Note] Server socket created on IP: '::'.
2022-04-05 22:05:25 0 [Note] InnoDB: Mutexes and rw_locks use Windows interlocked functions
2022-04-05 22:05:25 0 [Note] InnoDB: Uses event mutexes
2022-04-05 22:05:25 0 [Note] InnoDB: Compressed tables use zlib 1.2.11
2022-04-05 22:05:25 0 [Note] InnoDB: Number of pools: 1
2022-04-05 22:05:25 0 [Note] InnoDB: Using SSE2 crc32 instructions
2022-04-05 22:05:25 0 [Note] InnoDB: Initializing buffer pool, total size = 16M, instances = 1, chunk size = 16M
2022-04-05 22:05:25 0 [Note] InnoDB: Completed initialization of buffer pool
2022-04-05 22:05:25 0 [Note] InnoDB: Starting crash recovery from checkpoint LSN=324411
2022-04-05 22:05:26 0 [Note] InnoDB: 128 out of 128 rollback segments are active.
2022-04-05 22:05:26 0 [Note] InnoDB: Removed temporary tablespace data file: "ibtmp1"
2022-04-05 22:05:26 0 [Note] InnoDB: Creating shared tablespace for temporary tables
2022-04-05 22:05:26 0 [Note] InnoDB: Setting file 'C:\xampp\mysql\data\ibtmp1' size to 12 MB. Physically writing the file full; Please wait ...
2022-04-05 22:05:26 0 [Note] InnoDB: File 'C:\xampp\mysql\data\ibtmp1' size is now 12 MB.
2022-04-05 22:05:26 0 [Note] InnoDB: Waiting for purge to start
2022-04-05 22:05:26 0 [Note] InnoDB: 10.4.24 started; log sequence number 324420; transaction id 258
2022-04-05 22:05:26 0 [Note] InnoDB: Loading buffer pool(s) from C:\xampp\mysql\data\ib_buffer_pool
2022-04-05 22:05:26 0 [Note] Plugin 'FEEDBACK' is disabled.
2022-04-05 22:05:26 0 [Note] Server socket created on IP: '::'.
2022-04-06  9:28:34 0 [Note] InnoDB: Mutexes and rw_locks use Windows interlocked functions
2022-04-06  9:28:34 0 [Note] InnoDB: Uses event mutexes
2022-04-06  9:28:34 0 [Note] InnoDB: Compressed tables use zlib 1.2.11
2022-04-06  9:28:34 0 [Note] InnoDB: Number of pools: 1
2022-04-06  9:28:34 0 [Note] InnoDB: Using SSE2 crc32 instructions
2022-04-06  9:28:34 0 [Note] InnoDB: Initializing buffer pool, total size = 16M, instances = 1, chunk size = 16M
2022-04-06  9:28:34 0 [Note] InnoDB: Completed initialization of buffer pool
2022-04-06  9:28:34 0 [Note] InnoDB: Starting crash recovery from checkpoint LSN=324788
2022-04-06  9:28:34 0 [Note] InnoDB: 128 out of 128 rollback segments are active.
2022-04-06  9:28:34 0 [Note] InnoDB: Removed temporary tablespace data file: "ibtmp1"
2022-04-06  9:28:34 0 [Note] InnoDB: Creating shared tablespace for temporary tables
2022-04-06  9:28:34 0 [Note] InnoDB: Setting file 'C:\xampp\mysql\data\ibtmp1' size to 12 MB. Physically writing the file full; Please wait ...
2022-04-06  9:28:34 0 [Note] InnoDB: File 'C:\xampp\mysql\data\ibtmp1' size is now 12 MB.
2022-04-06  9:28:34 0 [Note] InnoDB: Waiting for purge to start
2022-04-06  9:28:34 0 [Note] InnoDB: 10.4.24 started; log sequence number 324797; transaction id 263
2022-04-06  9:28:34 0 [Note] InnoDB: Loading buffer pool(s) from C:\xampp\mysql\data\ib_buffer_pool
2022-04-06  9:28:34 0 [Note] Plugin 'FEEDBACK' is disabled.
2022-04-06  9:28:34 0 [Note] Server socket created on IP: '::'.
2022-04-06 11:50:52 0 [Note] InnoDB: Mutexes and rw_locks use Windows interlocked functions
2022-04-06 11:50:52 0 [Note] InnoDB: Uses event mutexes
2022-04-06 11:50:52 0 [Note] InnoDB: Compressed tables use zlib 1.2.11
2022-04-06 11:50:52 0 [Note] InnoDB: Number of pools: 1
2022-04-06 11:50:52 0 [Note] InnoDB: Using SSE2 crc32 instructions
2022-04-06 11:50:52 0 [Note] InnoDB: Initializing buffer pool, total size = 16M, instances = 1, chunk size = 16M
2022-04-06 11:50:52 0 [Note] InnoDB: Completed initialization of buffer pool
2022-04-06 11:50:52 0 [Note] InnoDB: Starting crash recovery from checkpoint LSN=339858
2022-04-06 11:50:53 0 [Note] InnoDB: 128 out of 128 rollback segments are active.
2022-04-06 11:50:53 0 [Note] InnoDB: Removed temporary tablespace data file: "ibtmp1"
2022-04-06 11:50:53 0 [Note] InnoDB: Creating shared tablespace for temporary tables
2022-04-06 11:50:53 0 [Note] InnoDB: Setting file 'C:\xampp\mysql\data\ibtmp1' size to 12 MB. Physically writing the file full; Please wait ...
2022-04-06 11:50:53 0 [Note] InnoDB: File 'C:\xampp\mysql\data\ibtmp1' size is now 12 MB.
2022-04-06 11:50:53 0 [Note] InnoDB: Waiting for purge to start
2022-04-06 11:50:53 0 [Note] InnoDB: 10.4.24 started; log sequence number 339867; transaction id 319
2022-04-06 11:50:53 0 [Note] InnoDB: Loading buffer pool(s) from C:\xampp\mysql\data\ib_buffer_pool
2022-04-06 11:50:53 0 [Note] Plugin 'FEEDBACK' is disabled.
2022-04-06 11:50:53 0 [Note] Server socket created on IP: '::'.
2022-04-06 11:50:53 0 [Note] InnoDB: Buffer pool(s) load completed at 220406 11:50:53
